[debug] [2023-04-26T01:41:14.320Z] ----------------------------------------------------------------------
[debug] [2023-04-26T01:41:14.322Z] Command:       /Users/mac/.nvm/versions/node/v19.0.0/bin/node /Users/mac/.nvm/versions/node/v19.0.0/bin/firebase emulators:start --only functions
[debug] [2023-04-26T01:41:14.323Z] CLI Version:   11.25.3
[debug] [2023-04-26T01:41:14.323Z] Platform:      darwin
[debug] [2023-04-26T01:41:14.323Z] Node Version:  v19.0.0
[debug] [2023-04-26T01:41:14.323Z] Time:          Wed Apr 26 2023 06:41:14 GMT+0500 (Pakistan Standard Time)
[debug] [2023-04-26T01:41:14.324Z] ----------------------------------------------------------------------
[debug] 
[debug] [2023-04-26T01:41:14.326Z] >>> [apiv2][query] GET https://firebase-public.firebaseio.com/cli.json [none]
[debug] [2023-04-26T01:41:14.435Z] > command requires scopes: ["email","openid","https://www.googleapis.com/auth/cloudplatformprojects.readonly","https://www.googleapis.com/auth/firebase","https://www.googleapis.com/auth/cloud-platform"]
[debug] [2023-04-26T01:41:14.435Z] > authorizing via signed-in user (madil89@gmail.com)
[info] i  emulators: Starting emulators: functions {"metadata":{"emulator":{"name":"hub"},"message":"Starting emulators: functions"}}
[debug] [2023-04-26T01:41:14.871Z] [logging] Logging Emulator only supports listening on one address (127.0.0.1). Not listening on ::1
[debug] [2023-04-26T01:41:14.872Z] assigned listening specs for emulators {"user":{"hub":[{"address":"127.0.0.1","family":"IPv4","port":4400},{"address":"::1","family":"IPv6","port":4400}],"ui":[{"address":"127.0.0.1","family":"IPv4","port":4000},{"address":"::1","family":"IPv6","port":4000}],"logging":[{"address":"127.0.0.1","family":"IPv4","port":4500}]},"metadata":{"message":"assigned listening specs for emulators"}}
[debug] [2023-04-26T01:41:14.878Z] [hub] writing locator at /var/folders/wh/56f85y2d0vvg7c56cxnxnxqm0000gp/T/hub-nuqtay-d8fc6.json
[debug] [2023-04-26T01:41:15.164Z] [functions] Functions Emulator only supports listening on one address (127.0.0.1). Not listening on ::1
[debug] [2023-04-26T01:41:15.164Z] [eventarc] Eventarc Emulator only supports listening on one address (127.0.0.1). Not listening on ::1
[debug] [2023-04-26T01:41:15.165Z] late-assigned ports for functions and eventarc emulators {"user":{"hub":[{"address":"127.0.0.1","family":"IPv4","port":4400},{"address":"::1","family":"IPv6","port":4400}],"ui":[{"address":"127.0.0.1","family":"IPv4","port":4000},{"address":"::1","family":"IPv6","port":4000}],"logging":[{"address":"127.0.0.1","family":"IPv4","port":4500}],"functions":[{"address":"127.0.0.1","family":"IPv4","port":5001}],"eventarc":[{"address":"127.0.0.1","family":"IPv4","port":9299}]},"metadata":{"message":"late-assigned ports for functions and eventarc emulators"}}
[warn] ⚠  functions: The following emulators are not running, calls to these services from the Functions emulator will affect production: auth, firestore, database, hosting, pubsub, storage {"metadata":{"emulator":{"name":"functions"},"message":"The following emulators are not running, calls to these services from the Functions emulator will affect production: \u001b[1mauth, firestore, database, hosting, pubsub, storage\u001b[22m"}}
[debug] [2023-04-26T01:41:15.167Z] defaultcredentials: writing to file /Users/mac/.config/firebase/madil89_gmail_com_application_default_credentials.json
[debug] [2023-04-26T01:41:15.170Z] Setting GAC to /Users/mac/.config/firebase/madil89_gmail_com_application_default_credentials.json {"metadata":{"emulator":{"name":"functions"},"message":"Setting GAC to /Users/mac/.config/firebase/madil89_gmail_com_application_default_credentials.json"}}
[debug] [2023-04-26T01:41:15.171Z] > refreshing access token with scopes: []
[debug] [2023-04-26T01:41:15.172Z] >>> [apiv2][query] POST https://www.googleapis.com/oauth2/v3/token [none]
[debug] [2023-04-26T01:41:15.172Z] >>> [apiv2][body] POST https://www.googleapis.com/oauth2/v3/token [omitted]
[debug] [2023-04-26T01:41:15.553Z] <<< [apiv2][status] POST https://www.googleapis.com/oauth2/v3/token 200
[debug] [2023-04-26T01:41:15.553Z] <<< [apiv2][body] POST https://www.googleapis.com/oauth2/v3/token [omitted]
[debug] [2023-04-26T01:41:15.589Z] >>> [apiv2][query] GET https://firebase.googleapis.com/v1beta1/projects/nuqtay-d8fc6/adminSdkConfig [none]
[debug] [2023-04-26T01:41:15.671Z] <<< [apiv2][status] GET https://firebase-public.firebaseio.com/cli.json 200
[debug] [2023-04-26T01:41:15.671Z] <<< [apiv2][body] GET https://firebase-public.firebaseio.com/cli.json {"cloudBuildErrorAfter":1594252800000,"cloudBuildWarnAfter":1590019200000,"defaultNode10After":1594252800000,"minVersion":"3.0.5","node8DeploysDisabledAfter":1613390400000,"node8RuntimeDisabledAfter":1615809600000,"node8WarnAfter":1600128000000}
[debug] [2023-04-26T01:41:16.125Z] <<< [apiv2][status] GET https://firebase.googleapis.com/v1beta1/projects/nuqtay-d8fc6/adminSdkConfig 200
[debug] [2023-04-26T01:41:16.125Z] <<< [apiv2][body] GET https://firebase.googleapis.com/v1beta1/projects/nuqtay-d8fc6/adminSdkConfig {"projectId":"nuqtay-d8fc6","storageBucket":"nuqtay-d8fc6.appspot.com","locationId":"us-central"}
[info] i  ui: downloading ui-v1.11.5.zip... {"metadata":{"emulator":{"name":"ui"},"message":"downloading ui-v1.11.5.zip..."}}
[debug] [2023-04-26T01:41:16.154Z] >>> [apiv2][query] GET https://storage.googleapis.com/firebase-preview-drop/emulator/ui-v1.11.5.zip 
[debug] [2023-04-26T01:41:16.638Z] <<< [apiv2][status] GET https://storage.googleapis.com/firebase-preview-drop/emulator/ui-v1.11.5.zip 200
[debug] [2023-04-26T01:41:16.638Z] <<< [apiv2][body] GET https://storage.googleapis.com/firebase-preview-drop/emulator/ui-v1.11.5.zip [stream]
[info] i  ui: Removing outdated emulator files: ui-v1.4.1 {"metadata":{"emulator":{"name":"ui"},"message":"Removing outdated emulator files: ui-v1.4.1"}}
[info] i  ui: Removing outdated emulator files: ui-v1.4.1.zip {"metadata":{"emulator":{"name":"ui"},"message":"Removing outdated emulator files: ui-v1.4.1.zip"}}
[debug] [2023-04-26T01:41:19.603Z] Ignoring unsupported arg: auto_download {"metadata":{"emulator":{"name":"ui"},"message":"Ignoring unsupported arg: auto_download"}}
[debug] [2023-04-26T01:41:19.603Z] Ignoring unsupported arg: port {"metadata":{"emulator":{"name":"ui"},"message":"Ignoring unsupported arg: port"}}
[debug] [2023-04-26T01:41:19.603Z] Starting Emulator UI with command {"binary":"node","args":["/Users/mac/.cache/firebase/emulators/ui-v1.11.5/server/server.js"],"optionalArgs":[],"joinArgs":false} {"metadata":{"emulator":{"name":"ui"},"message":"Starting Emulator UI with command {\"binary\":\"node\",\"args\":[\"/Users/mac/.cache/firebase/emulators/ui-v1.11.5/server/server.js\"],\"optionalArgs\":[],\"joinArgs\":false}"}}
[info] i  ui: Emulator UI logging to ui-debug.log {"metadata":{"emulator":{"name":"ui"},"message":"Emulator UI logging to \u001b[1mui-debug.log\u001b[22m"}}
[debug] [2023-04-26T01:41:19.718Z] Web / API server started at 127.0.0.1:4000
 {"metadata":{"emulator":{"name":"ui"},"message":"Web / API server started at 127.0.0.1:4000\n"}}
[debug] [2023-04-26T01:41:19.718Z] Web / API server started at ::1:4000
 {"metadata":{"emulator":{"name":"ui"},"message":"Web / API server started at ::1:4000\n"}}
[info] i  functions: Watching "/Users/mac/Documents/Projects/Nuqtay/nuqtay-front-end/functions" for Cloud Functions... {"metadata":{"emulator":{"name":"functions"},"message":"Watching \"/Users/mac/Documents/Projects/Nuqtay/nuqtay-front-end/functions\" for Cloud Functions..."}}
[debug] [2023-04-26T01:41:19.877Z] Validating nodejs source
[warn] ⚠  functions: package.json indicates an outdated version of firebase-functions. Please upgrade using npm install --save firebase-functions@latest in your functions directory. 
[warn] ⚠  functions: Please note that there will be breaking changes when you upgrade. 
[debug] [2023-04-26T01:41:21.138Z] > [functions] package.json contents: {
  "name": "functions",
  "description": "Cloud Functions for Firebase",
  "scripts": {
    "lint": "eslint .",
    "serve": "firebase emulators:start --only functions",
    "shell": "firebase functions:shell",
    "start": "npm run shell",
    "deploy": "firebase deploy --only functions",
    "logs": "firebase functions:log"
  },
  "engines": {
    "node": "14"
  },
  "main": "index.js",
  "dependencies": {
    "firebase-admin": "^9.2.0",
    "firebase-functions": "^3.11.0"
  },
  "devDependencies": {
    "eslint": "^7.6.0",
    "eslint-config-google": "^0.14.0",
    "firebase-functions-test": "^0.2.0"
  },
  "private": true
}
[debug] [2023-04-26T01:41:21.138Z] Building nodejs source
[debug] [2023-04-26T01:41:21.139Z] Failed to find version of module node: reached end of search path /Users/mac/Documents/Projects/Nuqtay/nuqtay-front-end/functions/node_modules
[warn] ⚠  functions: Your requested "node" version "14" doesn't match your global version "19". Using node@19 from host. 
[debug] [2023-04-26T01:41:21.142Z] Could not find functions.yaml. Must use http discovery
[debug] [2023-04-26T01:41:21.148Z] Found firebase-functions binary at '/Users/mac/Documents/Projects/Nuqtay/nuqtay-front-end/functions/node_modules/.bin/firebase-functions'
[debug] [2023-04-26T01:41:21.714Z] Serving at port 8087

[debug] [2023-04-26T01:41:21.859Z] Got response from /__/functions.yaml {"endpoints":{"getUsers":{"platform":"gcfv1","labels":{},"callableTrigger":{},"entryPoint":"getUsers"},"addCustomClaims":{"platform":"gcfv1","labels":{},"callableTrigger":{},"entryPoint":"addCustomClaims"}},"specVersion":"v1alpha1","requiredAPIs":[]}
[debug] [2023-04-26T01:41:21.865Z] shutdown requested via /__/quitquitquit

[info] ✔  functions: Loaded functions definitions from source: getUsers, addCustomClaims. {"metadata":{"emulator":{"name":"functions"},"message":"Loaded functions definitions from source: getUsers, addCustomClaims."}}
[info] ✔  functions[us-central1-getUsers]: http function initialized (http://127.0.0.1:5001/nuqtay-d8fc6/us-central1/getUsers). {"metadata":{"emulator":{"name":"functions"},"message":"\u001b[1mhttp\u001b[22m function initialized (http://127.0.0.1:5001/nuqtay-d8fc6/us-central1/getUsers)."}}
[info] ✔  functions[us-central1-addCustomClaims]: http function initialized (http://127.0.0.1:5001/nuqtay-d8fc6/us-central1/addCustomClaims). {"metadata":{"emulator":{"name":"functions"},"message":"\u001b[1mhttp\u001b[22m function initialized (http://127.0.0.1:5001/nuqtay-d8fc6/us-central1/addCustomClaims)."}}
[info] 
┌─────────────────────────────────────────────────────────────┐
│ ✔  All emulators ready! It is now safe to connect your app. │
│ i  View Emulator UI at http://127.0.0.1:4000/               │
└─────────────────────────────────────────────────────────────┘

┌───────────┬────────────────┬─────────────────────────────────┐
│ Emulator  │ Host:Port      │ View in Emulator UI             │
├───────────┼────────────────┼─────────────────────────────────┤
│ Functions │ 127.0.0.1:5001 │ http://127.0.0.1:4000/functions │
└───────────┴────────────────┴─────────────────────────────────┘
  Emulator Hub running at 127.0.0.1:4400
  Other reserved ports: 4500

Issues? Report them at https://github.com/firebase/firebase-tools/issues and attach the *-debug.log files.
 
[debug] [2023-04-26T01:43:13.482Z] [work-queue] {"queuedWork":["/nuqtay-d8fc6/us-central1/getUsers-2023-04-26T01:43:13.482Z"],"queueLength":1,"runningWork":[],"workRunningCount":0}
[debug] [2023-04-26T01:43:13.483Z] [work-queue] {"queuedWork":[],"queueLength":0,"runningWork":["/nuqtay-d8fc6/us-central1/getUsers-2023-04-26T01:43:13.482Z"],"workRunningCount":1}
[debug] [2023-04-26T01:43:13.483Z] Accepted request OPTIONS /nuqtay-d8fc6/us-central1/getUsers --> us-central1-getUsers
[debug] [2023-04-26T01:43:13.484Z] [functions] Runtime ready! Sending request! {"metadata":{"emulator":{"name":"functions"},"message":"[functions] Runtime ready! Sending request!"}}
[debug] [2023-04-26T01:43:13.485Z] [functions] Got req.url=/nuqtay-d8fc6/us-central1/getUsers, mapping to path=/ {"metadata":{"emulator":{"name":"functions"},"message":"[functions] Got req.url=/nuqtay-d8fc6/us-central1/getUsers, mapping to path=/"}}
[debug] [2023-04-26T01:43:13.494Z] [worker-pool] addWorker(us-central1-getUsers) {"metadata":{"emulator":{"name":"functions"},"message":"[worker-pool] addWorker(us-central1-getUsers)"}}
[debug] [2023-04-26T01:43:13.496Z] [worker-pool] Adding worker with key us-central1-getUsers, total=1 {"metadata":{"emulator":{"name":"functions"},"message":"[worker-pool] Adding worker with key us-central1-getUsers, total=1"}}
[debug] [2023-04-26T01:43:13.499Z] [work-queue] {"queuedWork":["/nuqtay-d8fc6/us-central1/getUsers-2023-04-26T01:43:13.499Z"],"queueLength":1,"runningWork":["/nuqtay-d8fc6/us-central1/getUsers-2023-04-26T01:43:13.482Z"],"workRunningCount":1}
[debug] [2023-04-26T01:43:13.499Z] [work-queue] {"queuedWork":[],"queueLength":0,"runningWork":["/nuqtay-d8fc6/us-central1/getUsers-2023-04-26T01:43:13.482Z","/nuqtay-d8fc6/us-central1/getUsers-2023-04-26T01:43:13.499Z"],"workRunningCount":2}
[debug] [2023-04-26T01:43:13.499Z] Accepted request OPTIONS /nuqtay-d8fc6/us-central1/getUsers --> us-central1-getUsers
[debug] [2023-04-26T01:43:13.500Z] [functions] Runtime ready! Sending request! {"metadata":{"emulator":{"name":"functions"},"message":"[functions] Runtime ready! Sending request!"}}
[debug] [2023-04-26T01:43:13.500Z] [functions] Got req.url=/nuqtay-d8fc6/us-central1/getUsers, mapping to path=/ {"metadata":{"emulator":{"name":"functions"},"message":"[functions] Got req.url=/nuqtay-d8fc6/us-central1/getUsers, mapping to path=/"}}
[debug] [2023-04-26T01:43:13.505Z] [worker-pool] addWorker(us-central1-getUsers) {"metadata":{"emulator":{"name":"functions"},"message":"[worker-pool] addWorker(us-central1-getUsers)"}}
[debug] [2023-04-26T01:43:13.506Z] [worker-pool] Adding worker with key us-central1-getUsers, total=2 {"metadata":{"emulator":{"name":"functions"},"message":"[worker-pool] Adding worker with key us-central1-getUsers, total=2"}}
[debug] [2023-04-26T01:43:14.302Z] [runtime-status] [12823] Resolved module firebase-admin {"declared":true,"installed":true,"version":"9.12.0","resolution":"/Users/mac/Documents/Projects/Nuqtay/nuqtay-front-end/functions/node_modules/firebase-admin/lib/index.js"} {"metadata":{"emulator":{"name":"functions"},"function":{"name":"us-central1-getUsers"},"extension":{},"message":"[runtime-status] [12823] Resolved module firebase-admin {\"declared\":true,\"installed\":true,\"version\":\"9.12.0\",\"resolution\":\"/Users/mac/Documents/Projects/Nuqtay/nuqtay-front-end/functions/node_modules/firebase-admin/lib/index.js\"}"}}
[debug] [2023-04-26T01:43:14.303Z] [runtime-status] [12822] Resolved module firebase-admin {"declared":true,"installed":true,"version":"9.12.0","resolution":"/Users/mac/Documents/Projects/Nuqtay/nuqtay-front-end/functions/node_modules/firebase-admin/lib/index.js"} {"metadata":{"emulator":{"name":"functions"},"function":{"name":"us-central1-getUsers"},"extension":{},"message":"[runtime-status] [12822] Resolved module firebase-admin {\"declared\":true,\"installed\":true,\"version\":\"9.12.0\",\"resolution\":\"/Users/mac/Documents/Projects/Nuqtay/nuqtay-front-end/functions/node_modules/firebase-admin/lib/index.js\"}"}}
[debug] [2023-04-26T01:43:14.304Z] [runtime-status] [12823] Resolved module firebase-functions {"declared":true,"installed":true,"version":"3.24.1","resolution":"/Users/mac/Documents/Projects/Nuqtay/nuqtay-front-end/functions/node_modules/firebase-functions/lib/index.js"} {"metadata":{"emulator":{"name":"functions"},"function":{"name":"us-central1-getUsers"},"extension":{},"message":"[runtime-status] [12823] Resolved module firebase-functions {\"declared\":true,\"installed\":true,\"version\":\"3.24.1\",\"resolution\":\"/Users/mac/Documents/Projects/Nuqtay/nuqtay-front-end/functions/node_modules/firebase-functions/lib/index.js\"}"}}
[debug] [2023-04-26T01:43:14.304Z] [runtime-status] [12822] Resolved module firebase-functions {"declared":true,"installed":true,"version":"3.24.1","resolution":"/Users/mac/Documents/Projects/Nuqtay/nuqtay-front-end/functions/node_modules/firebase-functions/lib/index.js"} {"metadata":{"emulator":{"name":"functions"},"function":{"name":"us-central1-getUsers"},"extension":{},"message":"[runtime-status] [12822] Resolved module firebase-functions {\"declared\":true,\"installed\":true,\"version\":\"3.24.1\",\"resolution\":\"/Users/mac/Documents/Projects/Nuqtay/nuqtay-front-end/functions/node_modules/firebase-functions/lib/index.js\"}"}}
[debug] [2023-04-26T01:43:14.305Z] [runtime-status] [12822] Outgoing network have been stubbed. [{"name":"http","status":"mocked"},{"name":"http","status":"mocked"},{"name":"https","status":"mocked"},{"name":"https","status":"mocked"},{"name":"net","status":"mocked"}] {"metadata":{"emulator":{"name":"functions"},"function":{"name":"us-central1-getUsers"},"extension":{},"message":"[runtime-status] [12822] Outgoing network have been stubbed. [{\"name\":\"http\",\"status\":\"mocked\"},{\"name\":\"http\",\"status\":\"mocked\"},{\"name\":\"https\",\"status\":\"mocked\"},{\"name\":\"https\",\"status\":\"mocked\"},{\"name\":\"net\",\"status\":\"mocked\"}]"}}
[debug] [2023-04-26T01:43:14.305Z] [runtime-status] [12823] Outgoing network have been stubbed. [{"name":"http","status":"mocked"},{"name":"http","status":"mocked"},{"name":"https","status":"mocked"},{"name":"https","status":"mocked"},{"name":"net","status":"mocked"}] {"metadata":{"emulator":{"name":"functions"},"function":{"name":"us-central1-getUsers"},"extension":{},"message":"[runtime-status] [12823] Outgoing network have been stubbed. [{\"name\":\"http\",\"status\":\"mocked\"},{\"name\":\"http\",\"status\":\"mocked\"},{\"name\":\"https\",\"status\":\"mocked\"},{\"name\":\"https\",\"status\":\"mocked\"},{\"name\":\"net\",\"status\":\"mocked\"}]"}}
[debug] [2023-04-26T01:43:14.307Z] [runtime-status] [12822] Resolved module firebase-functions {"declared":true,"installed":true,"version":"3.24.1","resolution":"/Users/mac/Documents/Projects/Nuqtay/nuqtay-front-end/functions/node_modules/firebase-functions/lib/index.js"} {"metadata":{"emulator":{"name":"functions"},"function":{"name":"us-central1-getUsers"},"extension":{},"message":"[runtime-status] [12822] Resolved module firebase-functions {\"declared\":true,\"installed\":true,\"version\":\"3.24.1\",\"resolution\":\"/Users/mac/Documents/Projects/Nuqtay/nuqtay-front-end/functions/node_modules/firebase-functions/lib/index.js\"}"}}
[debug] [2023-04-26T01:43:14.307Z] [runtime-status] [12823] Resolved module firebase-functions {"declared":true,"installed":true,"version":"3.24.1","resolution":"/Users/mac/Documents/Projects/Nuqtay/nuqtay-front-end/functions/node_modules/firebase-functions/lib/index.js"} {"metadata":{"emulator":{"name":"functions"},"function":{"name":"us-central1-getUsers"},"extension":{},"message":"[runtime-status] [12823] Resolved module firebase-functions {\"declared\":true,\"installed\":true,\"version\":\"3.24.1\",\"resolution\":\"/Users/mac/Documents/Projects/Nuqtay/nuqtay-front-end/functions/node_modules/firebase-functions/lib/index.js\"}"}}
[debug] [2023-04-26T01:43:14.375Z] [runtime-status] [12823] Checked functions.config() {"config":{}} {"metadata":{"emulator":{"name":"functions"},"function":{"name":"us-central1-getUsers"},"extension":{},"message":"[runtime-status] [12823] Checked functions.config() {\"config\":{}}"}}
[debug] [2023-04-26T01:43:14.376Z] [runtime-status] [12822] Checked functions.config() {"config":{}} {"metadata":{"emulator":{"name":"functions"},"function":{"name":"us-central1-getUsers"},"extension":{},"message":"[runtime-status] [12822] Checked functions.config() {\"config\":{}}"}}
[debug] [2023-04-26T01:43:14.376Z] [runtime-status] [12822] firebase-functions has been stubbed. {"functionsResolution":{"declared":true,"installed":true,"version":"3.24.1","resolution":"/Users/mac/Documents/Projects/Nuqtay/nuqtay-front-end/functions/node_modules/firebase-functions/lib/index.js"}} {"metadata":{"emulator":{"name":"functions"},"function":{"name":"us-central1-getUsers"},"extension":{},"message":"[runtime-status] [12822] firebase-functions has been stubbed. {\"functionsResolution\":{\"declared\":true,\"installed\":true,\"version\":\"3.24.1\",\"resolution\":\"/Users/mac/Documents/Projects/Nuqtay/nuqtay-front-end/functions/node_modules/firebase-functions/lib/index.js\"}}"}}
[debug] [2023-04-26T01:43:14.376Z] [runtime-status] [12823] firebase-functions has been stubbed. {"functionsResolution":{"declared":true,"installed":true,"version":"3.24.1","resolution":"/Users/mac/Documents/Projects/Nuqtay/nuqtay-front-end/functions/node_modules/firebase-functions/lib/index.js"}} {"metadata":{"emulator":{"name":"functions"},"function":{"name":"us-central1-getUsers"},"extension":{},"message":"[runtime-status] [12823] firebase-functions has been stubbed. {\"functionsResolution\":{\"declared\":true,\"installed\":true,\"version\":\"3.24.1\",\"resolution\":\"/Users/mac/Documents/Projects/Nuqtay/nuqtay-front-end/functions/node_modules/firebase-functions/lib/index.js\"}}"}}
[debug] [2023-04-26T01:43:14.377Z] [runtime-status] [12823] Resolved module firebase-functions {"declared":true,"installed":true,"version":"3.24.1","resolution":"/Users/mac/Documents/Projects/Nuqtay/nuqtay-front-end/functions/node_modules/firebase-functions/lib/index.js"} {"metadata":{"emulator":{"name":"functions"},"function":{"name":"us-central1-getUsers"},"extension":{},"message":"[runtime-status] [12823] Resolved module firebase-functions {\"declared\":true,\"installed\":true,\"version\":\"3.24.1\",\"resolution\":\"/Users/mac/Documents/Projects/Nuqtay/nuqtay-front-end/functions/node_modules/firebase-functions/lib/index.js\"}"}}
[debug] [2023-04-26T01:43:14.377Z] [runtime-status] [12822] Resolved module firebase-functions {"declared":true,"installed":true,"version":"3.24.1","resolution":"/Users/mac/Documents/Projects/Nuqtay/nuqtay-front-end/functions/node_modules/firebase-functions/lib/index.js"} {"metadata":{"emulator":{"name":"functions"},"function":{"name":"us-central1-getUsers"},"extension":{},"message":"[runtime-status] [12822] Resolved module firebase-functions {\"declared\":true,\"installed\":true,\"version\":\"3.24.1\",\"resolution\":\"/Users/mac/Documents/Projects/Nuqtay/nuqtay-front-end/functions/node_modules/firebase-functions/lib/index.js\"}"}}
[debug] [2023-04-26T01:43:14.381Z] [runtime-status] [12823] Resolved module firebase-admin {"declared":true,"installed":true,"version":"9.12.0","resolution":"/Users/mac/Documents/Projects/Nuqtay/nuqtay-front-end/functions/node_modules/firebase-admin/lib/index.js"} {"metadata":{"emulator":{"name":"functions"},"function":{"name":"us-central1-getUsers"},"extension":{},"message":"[runtime-status] [12823] Resolved module firebase-admin {\"declared\":true,\"installed\":true,\"version\":\"9.12.0\",\"resolution\":\"/Users/mac/Documents/Projects/Nuqtay/nuqtay-front-end/functions/node_modules/firebase-admin/lib/index.js\"}"}}
[debug] [2023-04-26T01:43:14.381Z] [runtime-status] [12823] Resolved module firebase-functions {"declared":true,"installed":true,"version":"3.24.1","resolution":"/Users/mac/Documents/Projects/Nuqtay/nuqtay-front-end/functions/node_modules/firebase-functions/lib/index.js"} {"metadata":{"emulator":{"name":"functions"},"function":{"name":"us-central1-getUsers"},"extension":{},"message":"[runtime-status] [12823] Resolved module firebase-functions {\"declared\":true,\"installed\":true,\"version\":\"3.24.1\",\"resolution\":\"/Users/mac/Documents/Projects/Nuqtay/nuqtay-front-end/functions/node_modules/firebase-functions/lib/index.js\"}"}}
[debug] [2023-04-26T01:43:14.382Z] [runtime-status] [12823] firebase-admin has been stubbed. {"adminResolution":{"declared":true,"installed":true,"version":"9.12.0","resolution":"/Users/mac/Documents/Projects/Nuqtay/nuqtay-front-end/functions/node_modules/firebase-admin/lib/index.js"}} {"metadata":{"emulator":{"name":"functions"},"function":{"name":"us-central1-getUsers"},"extension":{},"message":"[runtime-status] [12823] firebase-admin has been stubbed. {\"adminResolution\":{\"declared\":true,\"installed\":true,\"version\":\"9.12.0\",\"resolution\":\"/Users/mac/Documents/Projects/Nuqtay/nuqtay-front-end/functions/node_modules/firebase-admin/lib/index.js\"}}"}}
[debug] [2023-04-26T01:43:14.382Z] [runtime-status] [12822] Resolved module firebase-admin {"declared":true,"installed":true,"version":"9.12.0","resolution":"/Users/mac/Documents/Projects/Nuqtay/nuqtay-front-end/functions/node_modules/firebase-admin/lib/index.js"} {"metadata":{"emulator":{"name":"functions"},"function":{"name":"us-central1-getUsers"},"extension":{},"message":"[runtime-status] [12822] Resolved module firebase-admin {\"declared\":true,\"installed\":true,\"version\":\"9.12.0\",\"resolution\":\"/Users/mac/Documents/Projects/Nuqtay/nuqtay-front-end/functions/node_modules/firebase-admin/lib/index.js\"}"}}
[debug] [2023-04-26T01:43:14.383Z] [runtime-status] [12822] Resolved module firebase-functions {"declared":true,"installed":true,"version":"3.24.1","resolution":"/Users/mac/Documents/Projects/Nuqtay/nuqtay-front-end/functions/node_modules/firebase-functions/lib/index.js"} {"metadata":{"emulator":{"name":"functions"},"function":{"name":"us-central1-getUsers"},"extension":{},"message":"[runtime-status] [12822] Resolved module firebase-functions {\"declared\":true,\"installed\":true,\"version\":\"3.24.1\",\"resolution\":\"/Users/mac/Documents/Projects/Nuqtay/nuqtay-front-end/functions/node_modules/firebase-functions/lib/index.js\"}"}}
[debug] [2023-04-26T01:43:14.383Z] [runtime-status] [12822] firebase-admin has been stubbed. {"adminResolution":{"declared":true,"installed":true,"version":"9.12.0","resolution":"/Users/mac/Documents/Projects/Nuqtay/nuqtay-front-end/functions/node_modules/firebase-admin/lib/index.js"}} {"metadata":{"emulator":{"name":"functions"},"function":{"name":"us-central1-getUsers"},"extension":{},"message":"[runtime-status] [12822] firebase-admin has been stubbed. {\"adminResolution\":{\"declared\":true,\"installed\":true,\"version\":\"9.12.0\",\"resolution\":\"/Users/mac/Documents/Projects/Nuqtay/nuqtay-front-end/functions/node_modules/firebase-admin/lib/index.js\"}}"}}
[debug] [2023-04-26T01:43:14.383Z] [runtime-status] [12822] initializeApp(DEFAULT) {"storageBucket":"nuqtay-d8fc6.appspot.com","projectId":"nuqtay-d8fc6"} {"metadata":{"emulator":{"name":"functions"},"function":{"name":"us-central1-getUsers"},"extension":{},"message":"[runtime-status] [12822] initializeApp(DEFAULT) {\"storageBucket\":\"nuqtay-d8fc6.appspot.com\",\"projectId\":\"nuqtay-d8fc6\"}"}}
[debug] [2023-04-26T01:43:14.383Z] [runtime-status] [12823] initializeApp(DEFAULT) {"storageBucket":"nuqtay-d8fc6.appspot.com","projectId":"nuqtay-d8fc6"} {"metadata":{"emulator":{"name":"functions"},"function":{"name":"us-central1-getUsers"},"extension":{},"message":"[runtime-status] [12823] initializeApp(DEFAULT) {\"storageBucket\":\"nuqtay-d8fc6.appspot.com\",\"projectId\":\"nuqtay-d8fc6\"}"}}
[debug] [2023-04-26T01:43:14.392Z] [runtime-status] [12822] Functions runtime initialized. {"cwd":"/Users/mac/Documents/Projects/Nuqtay/nuqtay-front-end/functions","node_version":"19.0.0"} {"metadata":{"emulator":{"name":"functions"},"function":{"name":"us-central1-getUsers"},"extension":{},"message":"[runtime-status] [12822] Functions runtime initialized. {\"cwd\":\"/Users/mac/Documents/Projects/Nuqtay/nuqtay-front-end/functions\",\"node_version\":\"19.0.0\"}"}}
[debug] [2023-04-26T01:43:14.392Z] [runtime-status] [12822] Listening to port: /var/folders/wh/56f85y2d0vvg7c56cxnxnxqm0000gp/T/fire_emu_777ccb88d5147c4c.sock {"metadata":{"emulator":{"name":"functions"},"function":{"name":"us-central1-getUsers"},"extension":{},"message":"[runtime-status] [12822] Listening to port: /var/folders/wh/56f85y2d0vvg7c56cxnxnxqm0000gp/T/fire_emu_777ccb88d5147c4c.sock"}}
[debug] [2023-04-26T01:43:14.393Z] [runtime-status] [12823] Functions runtime initialized. {"cwd":"/Users/mac/Documents/Projects/Nuqtay/nuqtay-front-end/functions","node_version":"19.0.0"} {"metadata":{"emulator":{"name":"functions"},"function":{"name":"us-central1-getUsers"},"extension":{},"message":"[runtime-status] [12823] Functions runtime initialized. {\"cwd\":\"/Users/mac/Documents/Projects/Nuqtay/nuqtay-front-end/functions\",\"node_version\":\"19.0.0\"}"}}
[debug] [2023-04-26T01:43:14.393Z] [runtime-status] [12823] Listening to port: /var/folders/wh/56f85y2d0vvg7c56cxnxnxqm0000gp/T/fire_emu_48dcf7f8fff6a4c3.sock {"metadata":{"emulator":{"name":"functions"},"function":{"name":"us-central1-getUsers"},"extension":{},"message":"[runtime-status] [12823] Listening to port: /var/folders/wh/56f85y2d0vvg7c56cxnxnxqm0000gp/T/fire_emu_48dcf7f8fff6a4c3.sock"}}
[debug] [2023-04-26T01:43:14.419Z] [worker-us-central1-getUsers-177a4e7c-3a97-44b4-acb4-7683e481c8e1]: IDLE {"metadata":{"emulator":{"name":"functions"},"function":{"name":"us-central1-getUsers"},"extension":{},"message":"[worker-us-central1-getUsers-177a4e7c-3a97-44b4-acb4-7683e481c8e1]: IDLE"}}
[debug] [2023-04-26T01:43:14.420Z] [worker-pool] submitRequest(triggerId=us-central1-getUsers) {"metadata":{"emulator":{"name":"functions"},"message":"[worker-pool] submitRequest(triggerId=us-central1-getUsers)"}}
[info] i  functions: Beginning execution of "us-central1-getUsers" {"metadata":{"emulator":{"name":"functions"},"function":{"name":"us-central1-getUsers"},"extension":{},"message":"Beginning execution of \"us-central1-getUsers\""}}
[debug] [2023-04-26T01:43:14.421Z] [worker-us-central1-getUsers-177a4e7c-3a97-44b4-acb4-7683e481c8e1]: BUSY {"metadata":{"emulator":{"name":"functions"},"function":{"name":"us-central1-getUsers"},"extension":{},"message":"[worker-us-central1-getUsers-177a4e7c-3a97-44b4-acb4-7683e481c8e1]: BUSY"}}
[info] i  functions: Finished "us-central1-getUsers" in 6.07661ms {"metadata":{"emulator":{"name":"functions"},"function":{"name":"us-central1-getUsers"},"extension":{},"message":"Finished \"us-central1-getUsers\" in 6.07661ms"}}
[debug] [2023-04-26T01:43:14.427Z] [worker-us-central1-getUsers-177a4e7c-3a97-44b4-acb4-7683e481c8e1]: IDLE {"metadata":{"emulator":{"name":"functions"},"function":{"name":"us-central1-getUsers"},"extension":{},"message":"[worker-us-central1-getUsers-177a4e7c-3a97-44b4-acb4-7683e481c8e1]: IDLE"}}
[debug] [2023-04-26T01:43:14.427Z] [work-queue] {"queuedWork":[],"queueLength":0,"runningWork":["/nuqtay-d8fc6/us-central1/getUsers-2023-04-26T01:43:13.499Z"],"workRunningCount":1}
[debug] [2023-04-26T01:43:14.428Z] [worker-us-central1-getUsers-331487e4-de21-4b1d-9358-cd89b1b3c496]: IDLE {"metadata":{"emulator":{"name":"functions"},"function":{"name":"us-central1-getUsers"},"extension":{},"message":"[worker-us-central1-getUsers-331487e4-de21-4b1d-9358-cd89b1b3c496]: IDLE"}}
[debug] [2023-04-26T01:43:14.428Z] [worker-pool] submitRequest(triggerId=us-central1-getUsers) {"metadata":{"emulator":{"name":"functions"},"message":"[worker-pool] submitRequest(triggerId=us-central1-getUsers)"}}
[info] i  functions: Beginning execution of "us-central1-getUsers" {"metadata":{"emulator":{"name":"functions"},"function":{"name":"us-central1-getUsers"},"extension":{},"message":"Beginning execution of \"us-central1-getUsers\""}}
[debug] [2023-04-26T01:43:14.428Z] [worker-us-central1-getUsers-177a4e7c-3a97-44b4-acb4-7683e481c8e1]: BUSY {"metadata":{"emulator":{"name":"functions"},"function":{"name":"us-central1-getUsers"},"extension":{},"message":"[worker-us-central1-getUsers-177a4e7c-3a97-44b4-acb4-7683e481c8e1]: BUSY"}}
[debug] [2023-04-26T01:43:14.430Z] [work-queue] {"queuedWork":["/nuqtay-d8fc6/us-central1/getUsers-2023-04-26T01:43:14.430Z"],"queueLength":1,"runningWork":["/nuqtay-d8fc6/us-central1/getUsers-2023-04-26T01:43:13.499Z"],"workRunningCount":1}
[debug] [2023-04-26T01:43:14.430Z] [work-queue] {"queuedWork":[],"queueLength":0,"runningWork":["/nuqtay-d8fc6/us-central1/getUsers-2023-04-26T01:43:13.499Z","/nuqtay-d8fc6/us-central1/getUsers-2023-04-26T01:43:14.430Z"],"workRunningCount":2}
[debug] [2023-04-26T01:43:14.430Z] Accepted request POST /nuqtay-d8fc6/us-central1/getUsers --> us-central1-getUsers
[debug] [2023-04-26T01:43:14.430Z] ID Token: eyJhbGciOiJSUzI1NiIsImtpZCI6ImU3OTMwMjdkYWI0YzcwNmQ2ODg0NGI4MDk2ZTBlYzQzMjYyMjIwMDAiLCJ0eXAiOiJKV1QifQ.eyJuYW1lIjoibXVoYW1tYWQgYWRpbCIsInBpY3R1cmUiOiJodHRwczovL2xoMy5nb29nbGV1c2VyY29udGVudC5jb20vYS9BR05teXhabG04MlN6Y0toYTVHeDlPalEydnlmUndwdGN2MWk0SDZsMHVUTD1zOTYtYyIsImFkbWluIjpmYWxzZSwiaXNzIjoiaHR0cHM6Ly9zZWN1cmV0b2tlbi5nb29nbGUuY29tL251cXRheS1kOGZjNiIsImF1ZCI6Im51cXRheS1kOGZjNiIsImF1dGhfdGltZSI6MTY3ODczMzU4NiwidXNlcl9pZCI6InVuMGNiYjM5TFlQWHFidFdZOER0ZXdUUmhRUTIiLCJzdWIiOiJ1bjBjYmIzOUxZUFhxYnRXWThEdGV3VFJoUVEyIiwiaWF0IjoxNjgyNDcyMTQ3LCJleHAiOjE2ODI0NzU3NDcsImVtYWlsIjoiY29udGFjdG9udHdpdHRlckBnbWFpbC5jb20iLCJlbWFpbF92ZXJpZmllZCI6dHJ1ZSwiZmlyZWJhc2UiOnsiaWRlbnRpdGllcyI6eyJnb29nbGUuY29tIjpbIjExNTU2NTEwNjk1Njc0Nzg2OTUwNyJdLCJlbWFpbCI6WyJjb250YWN0b250d2l0dGVyQGdtYWlsLmNvbSJdfSwic2lnbl9pbl9wcm92aWRlciI6Imdvb2dsZS5jb20ifX0.BUoPF1TR_fAEylPNYH2aZRF_5DvX67r4XTSm_huqyYMwlZzjDHNvaB96fNIeQqTzHK7lM83socF5sTm7vrLzEr-LLreB_F2HOf_bUmgNESBFV9_KHzs6WvC9tt7q8Wbk59CvWDIkmI2HqBxjVf0fh6e8uWVyW6I6Wobxidl4I7SLsKjiWmksA-eGtoHt7GYmZ7KQTTS5HF-DrzjM3ZB-pTkHrNQ-nSAFHTnTWytLnuBtnkA-JsZiGNHGr8YIfZLrJaCBcTFKNKAToVSNqUqngCjx_iX5tsQIPtiQ0WKtWWrdrxYjMNkUsoMjrOkzeYXCBpqhkvDsBG_nqOxeRSDR2Q
[debug] [2023-04-26T01:43:14.432Z] [functions] Runtime ready! Sending request! {"metadata":{"emulator":{"name":"functions"},"message":"[functions] Runtime ready! Sending request!"}}
[debug] [2023-04-26T01:43:14.432Z] [functions] Got req.url=/nuqtay-d8fc6/us-central1/getUsers, mapping to path=/ {"metadata":{"emulator":{"name":"functions"},"message":"[functions] Got req.url=/nuqtay-d8fc6/us-central1/getUsers, mapping to path=/"}}
[debug] [2023-04-26T01:43:14.432Z] [worker-pool] submitRequest(triggerId=us-central1-getUsers) {"metadata":{"emulator":{"name":"functions"},"message":"[worker-pool] submitRequest(triggerId=us-central1-getUsers)"}}
[info] i  functions: Beginning execution of "us-central1-getUsers" {"metadata":{"emulator":{"name":"functions"},"function":{"name":"us-central1-getUsers"},"extension":{},"message":"Beginning execution of \"us-central1-getUsers\""}}
[debug] [2023-04-26T01:43:14.432Z] [worker-us-central1-getUsers-331487e4-de21-4b1d-9358-cd89b1b3c496]: BUSY {"metadata":{"emulator":{"name":"functions"},"function":{"name":"us-central1-getUsers"},"extension":{},"message":"[worker-us-central1-getUsers-331487e4-de21-4b1d-9358-cd89b1b3c496]: BUSY"}}
[info] i  functions: Finished "us-central1-getUsers" in 4.836283ms {"metadata":{"emulator":{"name":"functions"},"function":{"name":"us-central1-getUsers"},"extension":{},"message":"Finished \"us-central1-getUsers\" in 4.836283ms"}}
[debug] [2023-04-26T01:43:14.433Z] [worker-us-central1-getUsers-177a4e7c-3a97-44b4-acb4-7683e481c8e1]: IDLE {"metadata":{"emulator":{"name":"functions"},"function":{"name":"us-central1-getUsers"},"extension":{},"message":"[worker-us-central1-getUsers-177a4e7c-3a97-44b4-acb4-7683e481c8e1]: IDLE"}}
[debug] [2023-04-26T01:43:14.434Z] [work-queue] {"queuedWork":[],"queueLength":0,"runningWork":["/nuqtay-d8fc6/us-central1/getUsers-2023-04-26T01:43:14.430Z"],"workRunningCount":1}
[debug] [2023-04-26T01:43:14.435Z] [work-queue] {"queuedWork":["/nuqtay-d8fc6/us-central1/getUsers-2023-04-26T01:43:14.435Z"],"queueLength":1,"runningWork":["/nuqtay-d8fc6/us-central1/getUsers-2023-04-26T01:43:14.430Z"],"workRunningCount":1}
[debug] [2023-04-26T01:43:14.435Z] [work-queue] {"queuedWork":[],"queueLength":0,"runningWork":["/nuqtay-d8fc6/us-central1/getUsers-2023-04-26T01:43:14.430Z","/nuqtay-d8fc6/us-central1/getUsers-2023-04-26T01:43:14.435Z"],"workRunningCount":2}
[debug] [2023-04-26T01:43:14.435Z] Accepted request POST /nuqtay-d8fc6/us-central1/getUsers --> us-central1-getUsers
[debug] [2023-04-26T01:43:14.435Z] ID Token: eyJhbGciOiJSUzI1NiIsImtpZCI6ImU3OTMwMjdkYWI0YzcwNmQ2ODg0NGI4MDk2ZTBlYzQzMjYyMjIwMDAiLCJ0eXAiOiJKV1QifQ.eyJuYW1lIjoibXVoYW1tYWQgYWRpbCIsInBpY3R1cmUiOiJodHRwczovL2xoMy5nb29nbGV1c2VyY29udGVudC5jb20vYS9BR05teXhabG04MlN6Y0toYTVHeDlPalEydnlmUndwdGN2MWk0SDZsMHVUTD1zOTYtYyIsImFkbWluIjpmYWxzZSwiaXNzIjoiaHR0cHM6Ly9zZWN1cmV0b2tlbi5nb29nbGUuY29tL251cXRheS1kOGZjNiIsImF1ZCI6Im51cXRheS1kOGZjNiIsImF1dGhfdGltZSI6MTY3ODczMzU4NiwidXNlcl9pZCI6InVuMGNiYjM5TFlQWHFidFdZOER0ZXdUUmhRUTIiLCJzdWIiOiJ1bjBjYmIzOUxZUFhxYnRXWThEdGV3VFJoUVEyIiwiaWF0IjoxNjgyNDcyMTQ3LCJleHAiOjE2ODI0NzU3NDcsImVtYWlsIjoiY29udGFjdG9udHdpdHRlckBnbWFpbC5jb20iLCJlbWFpbF92ZXJpZmllZCI6dHJ1ZSwiZmlyZWJhc2UiOnsiaWRlbnRpdGllcyI6eyJnb29nbGUuY29tIjpbIjExNTU2NTEwNjk1Njc0Nzg2OTUwNyJdLCJlbWFpbCI6WyJjb250YWN0b250d2l0dGVyQGdtYWlsLmNvbSJdfSwic2lnbl9pbl9wcm92aWRlciI6Imdvb2dsZS5jb20ifX0.BUoPF1TR_fAEylPNYH2aZRF_5DvX67r4XTSm_huqyYMwlZzjDHNvaB96fNIeQqTzHK7lM83socF5sTm7vrLzEr-LLreB_F2HOf_bUmgNESBFV9_KHzs6WvC9tt7q8Wbk59CvWDIkmI2HqBxjVf0fh6e8uWVyW6I6Wobxidl4I7SLsKjiWmksA-eGtoHt7GYmZ7KQTTS5HF-DrzjM3ZB-pTkHrNQ-nSAFHTnTWytLnuBtnkA-JsZiGNHGr8YIfZLrJaCBcTFKNKAToVSNqUqngCjx_iX5tsQIPtiQ0WKtWWrdrxYjMNkUsoMjrOkzeYXCBpqhkvDsBG_nqOxeRSDR2Q
[debug] [2023-04-26T01:43:14.436Z] [functions] Runtime ready! Sending request! {"metadata":{"emulator":{"name":"functions"},"message":"[functions] Runtime ready! Sending request!"}}
[debug] [2023-04-26T01:43:14.436Z] [functions] Got req.url=/nuqtay-d8fc6/us-central1/getUsers, mapping to path=/ {"metadata":{"emulator":{"name":"functions"},"message":"[functions] Got req.url=/nuqtay-d8fc6/us-central1/getUsers, mapping to path=/"}}
[debug] [2023-04-26T01:43:14.436Z] [worker-pool] submitRequest(triggerId=us-central1-getUsers) {"metadata":{"emulator":{"name":"functions"},"message":"[worker-pool] submitRequest(triggerId=us-central1-getUsers)"}}
[info] i  functions: Beginning execution of "us-central1-getUsers" {"metadata":{"emulator":{"name":"functions"},"function":{"name":"us-central1-getUsers"},"extension":{},"message":"Beginning execution of \"us-central1-getUsers\""}}
[debug] [2023-04-26T01:43:14.436Z] [worker-us-central1-getUsers-177a4e7c-3a97-44b4-acb4-7683e481c8e1]: BUSY {"metadata":{"emulator":{"name":"functions"},"function":{"name":"us-central1-getUsers"},"extension":{},"message":"[worker-us-central1-getUsers-177a4e7c-3a97-44b4-acb4-7683e481c8e1]: BUSY"}}
[info] >  {"verifications":{"app":"MISSING","auth":"MISSING"},"logging.googleapis.com/labels":{"firebase-log-type":"callable-request-verification"},"severity":"INFO","message":"Callable request verification passed"} {"user":{"verifications":{"app":"MISSING","auth":"MISSING"},"logging.googleapis.com/labels":{"firebase-log-type":"callable-request-verification"},"severity":"INFO","message":"Callable request verification passed"},"metadata":{"emulator":{"name":"functions"},"function":{"name":"us-central1-getUsers"},"extension":{},"message":"\u001b[90m> \u001b[39m {\"verifications\":{\"app\":\"MISSING\",\"auth\":\"MISSING\"},\"logging.googleapis.com/labels\":{\"firebase-log-type\":\"callable-request-verification\"},\"severity\":\"INFO\",\"message\":\"Callable request verification passed\"}"}}
[debug] [2023-04-26T01:43:14.451Z] [runtime-status] [12822] Callable functions auth override {"key":"x-callable-context-auth","value":"%7B%22uid%22%3A%22un0cbb39LYPXqbtWY8DtewTRhQQ2%22%2C%22token%22%3A%7B%22name%22%3A%22muhammad%20adil%22%2C%22picture%22%3A%22https%3A%2F%2Flh3.googleusercontent.com%2Fa%2FAGNmyxZlm82SzcKha5Gx9OjQ2vyfRwptcv1i4H6l0uTL%3Ds96-c%22%2C%22admin%22%3Afalse%2C%22iss%22%3A%22https%3A%2F%2Fsecuretoken.google.com%2Fnuqtay-d8fc6%22%2C%22aud%22%3A%22nuqtay-d8fc6%22%2C%22auth_time%22%3A1678733586%2C%22user_id%22%3A%22un0cbb39LYPXqbtWY8DtewTRhQQ2%22%2C%22sub%22%3A%22un0cbb39LYPXqbtWY8DtewTRhQQ2%22%2C%22iat%22%3A1682472147%2C%22exp%22%3A1682475747%2C%22email%22%3A%22contactontwitter%40gmail.com%22%2C%22email_verified%22%3Atrue%2C%22firebase%22%3A%7B%22identities%22%3A%7B%22google.com%22%3A%5B%22115565106956747869507%22%5D%2C%22email%22%3A%5B%22contactontwitter%40gmail.com%22%5D%7D%2C%22sign_in_provider%22%3A%22google.com%22%7D%2C%22uid%22%3A%22un0cbb39LYPXqbtWY8DtewTRhQQ2%22%7D%7D"} {"metadata":{"emulator":{"name":"functions"},"function":{"name":"us-central1-getUsers"},"extension":{},"message":"[runtime-status] [12822] Callable functions auth override {\"key\":\"x-callable-context-auth\",\"value\":\"%7B%22uid%22%3A%22un0cbb39LYPXqbtWY8DtewTRhQQ2%22%2C%22token%22%3A%7B%22name%22%3A%22muhammad%20adil%22%2C%22picture%22%3A%22https%3A%2F%2Flh3.googleusercontent.com%2Fa%2FAGNmyxZlm82SzcKha5Gx9OjQ2vyfRwptcv1i4H6l0uTL%3Ds96-c%22%2C%22admin%22%3Afalse%2C%22iss%22%3A%22https%3A%2F%2Fsecuretoken.google.com%2Fnuqtay-d8fc6%22%2C%22aud%22%3A%22nuqtay-d8fc6%22%2C%22auth_time%22%3A1678733586%2C%22user_id%22%3A%22un0cbb39LYPXqbtWY8DtewTRhQQ2%22%2C%22sub%22%3A%22un0cbb39LYPXqbtWY8DtewTRhQQ2%22%2C%22iat%22%3A1682472147%2C%22exp%22%3A1682475747%2C%22email%22%3A%22contactontwitter%40gmail.com%22%2C%22email_verified%22%3Atrue%2C%22firebase%22%3A%7B%22identities%22%3A%7B%22google.com%22%3A%5B%22115565106956747869507%22%5D%2C%22email%22%3A%5B%22contactontwitter%40gmail.com%22%5D%7D%2C%22sign_in_provider%22%3A%22google.com%22%7D%2C%22uid%22%3A%22un0cbb39LYPXqbtWY8DtewTRhQQ2%22%7D%7D\"}"}}
[info] >  {"verifications":{"app":"MISSING","auth":"MISSING"},"logging.googleapis.com/labels":{"firebase-log-type":"callable-request-verification"},"severity":"INFO","message":"Callable request verification passed"} {"user":{"verifications":{"app":"MISSING","auth":"MISSING"},"logging.googleapis.com/labels":{"firebase-log-type":"callable-request-verification"},"severity":"INFO","message":"Callable request verification passed"},"metadata":{"emulator":{"name":"functions"},"function":{"name":"us-central1-getUsers"},"extension":{},"message":"\u001b[90m> \u001b[39m {\"verifications\":{\"app\":\"MISSING\",\"auth\":\"MISSING\"},\"logging.googleapis.com/labels\":{\"firebase-log-type\":\"callable-request-verification\"},\"severity\":\"INFO\",\"message\":\"Callable request verification passed\"}"}}
[debug] [2023-04-26T01:43:14.451Z] [runtime-status] [12823] Callable functions auth override {"key":"x-callable-context-auth","value":"%7B%22uid%22%3A%22un0cbb39LYPXqbtWY8DtewTRhQQ2%22%2C%22token%22%3A%7B%22name%22%3A%22muhammad%20adil%22%2C%22picture%22%3A%22https%3A%2F%2Flh3.googleusercontent.com%2Fa%2FAGNmyxZlm82SzcKha5Gx9OjQ2vyfRwptcv1i4H6l0uTL%3Ds96-c%22%2C%22admin%22%3Afalse%2C%22iss%22%3A%22https%3A%2F%2Fsecuretoken.google.com%2Fnuqtay-d8fc6%22%2C%22aud%22%3A%22nuqtay-d8fc6%22%2C%22auth_time%22%3A1678733586%2C%22user_id%22%3A%22un0cbb39LYPXqbtWY8DtewTRhQQ2%22%2C%22sub%22%3A%22un0cbb39LYPXqbtWY8DtewTRhQQ2%22%2C%22iat%22%3A1682472147%2C%22exp%22%3A1682475747%2C%22email%22%3A%22contactontwitter%40gmail.com%22%2C%22email_verified%22%3Atrue%2C%22firebase%22%3A%7B%22identities%22%3A%7B%22google.com%22%3A%5B%22115565106956747869507%22%5D%2C%22email%22%3A%5B%22contactontwitter%40gmail.com%22%5D%7D%2C%22sign_in_provider%22%3A%22google.com%22%7D%2C%22uid%22%3A%22un0cbb39LYPXqbtWY8DtewTRhQQ2%22%7D%7D"} {"metadata":{"emulator":{"name":"functions"},"function":{"name":"us-central1-getUsers"},"extension":{},"message":"[runtime-status] [12823] Callable functions auth override {\"key\":\"x-callable-context-auth\",\"value\":\"%7B%22uid%22%3A%22un0cbb39LYPXqbtWY8DtewTRhQQ2%22%2C%22token%22%3A%7B%22name%22%3A%22muhammad%20adil%22%2C%22picture%22%3A%22https%3A%2F%2Flh3.googleusercontent.com%2Fa%2FAGNmyxZlm82SzcKha5Gx9OjQ2vyfRwptcv1i4H6l0uTL%3Ds96-c%22%2C%22admin%22%3Afalse%2C%22iss%22%3A%22https%3A%2F%2Fsecuretoken.google.com%2Fnuqtay-d8fc6%22%2C%22aud%22%3A%22nuqtay-d8fc6%22%2C%22auth_time%22%3A1678733586%2C%22user_id%22%3A%22un0cbb39LYPXqbtWY8DtewTRhQQ2%22%2C%22sub%22%3A%22un0cbb39LYPXqbtWY8DtewTRhQQ2%22%2C%22iat%22%3A1682472147%2C%22exp%22%3A1682475747%2C%22email%22%3A%22contactontwitter%40gmail.com%22%2C%22email_verified%22%3Atrue%2C%22firebase%22%3A%7B%22identities%22%3A%7B%22google.com%22%3A%5B%22115565106956747869507%22%5D%2C%22email%22%3A%5B%22contactontwitter%40gmail.com%22%5D%7D%2C%22sign_in_provider%22%3A%22google.com%22%7D%2C%22uid%22%3A%22un0cbb39LYPXqbtWY8DtewTRhQQ2%22%7D%7D\"}"}}
[info] i  functions: Finished "us-central1-getUsers" in 17.222996ms {"metadata":{"emulator":{"name":"functions"},"function":{"name":"us-central1-getUsers"},"extension":{},"message":"Finished \"us-central1-getUsers\" in 17.222996ms"}}
[debug] [2023-04-26T01:43:14.454Z] [worker-us-central1-getUsers-177a4e7c-3a97-44b4-acb4-7683e481c8e1]: IDLE {"metadata":{"emulator":{"name":"functions"},"function":{"name":"us-central1-getUsers"},"extension":{},"message":"[worker-us-central1-getUsers-177a4e7c-3a97-44b4-acb4-7683e481c8e1]: IDLE"}}
[debug] [2023-04-26T01:43:14.454Z] [work-queue] {"queuedWork":[],"queueLength":0,"runningWork":["/nuqtay-d8fc6/us-central1/getUsers-2023-04-26T01:43:14.430Z"],"workRunningCount":1}
[info] i  functions: Finished "us-central1-getUsers" in 22.497477ms {"metadata":{"emulator":{"name":"functions"},"function":{"name":"us-central1-getUsers"},"extension":{},"message":"Finished \"us-central1-getUsers\" in 22.497477ms"}}
[debug] [2023-04-26T01:43:14.455Z] [worker-us-central1-getUsers-331487e4-de21-4b1d-9358-cd89b1b3c496]: IDLE {"metadata":{"emulator":{"name":"functions"},"function":{"name":"us-central1-getUsers"},"extension":{},"message":"[worker-us-central1-getUsers-331487e4-de21-4b1d-9358-cd89b1b3c496]: IDLE"}}
[debug] [2023-04-26T01:43:14.455Z] [work-queue] {"queuedWork":[],"queueLength":0,"runningWork":[],"workRunningCount":0}
[debug] [2023-04-26T01:43:21.467Z] [work-queue] {"queuedWork":["/nuqtay-d8fc6/us-central1/getUsers-2023-04-26T01:43:21.467Z"],"queueLength":1,"runningWork":[],"workRunningCount":0}
[debug] [2023-04-26T01:43:21.467Z] [work-queue] {"queuedWork":[],"queueLength":0,"runningWork":["/nuqtay-d8fc6/us-central1/getUsers-2023-04-26T01:43:21.467Z"],"workRunningCount":1}
[debug] [2023-04-26T01:43:21.467Z] Accepted request OPTIONS /nuqtay-d8fc6/us-central1/getUsers --> us-central1-getUsers
[debug] [2023-04-26T01:43:21.467Z] [functions] Runtime ready! Sending request! {"metadata":{"emulator":{"name":"functions"},"message":"[functions] Runtime ready! Sending request!"}}
[debug] [2023-04-26T01:43:21.467Z] [functions] Got req.url=/nuqtay-d8fc6/us-central1/getUsers, mapping to path=/ {"metadata":{"emulator":{"name":"functions"},"message":"[functions] Got req.url=/nuqtay-d8fc6/us-central1/getUsers, mapping to path=/"}}
[debug] [2023-04-26T01:43:21.467Z] [worker-pool] submitRequest(triggerId=us-central1-getUsers) {"metadata":{"emulator":{"name":"functions"},"message":"[worker-pool] submitRequest(triggerId=us-central1-getUsers)"}}
[info] i  functions: Beginning execution of "us-central1-getUsers" {"metadata":{"emulator":{"name":"functions"},"function":{"name":"us-central1-getUsers"},"extension":{},"message":"Beginning execution of \"us-central1-getUsers\""}}
[debug] [2023-04-26T01:43:21.468Z] [worker-us-central1-getUsers-177a4e7c-3a97-44b4-acb4-7683e481c8e1]: BUSY {"metadata":{"emulator":{"name":"functions"},"function":{"name":"us-central1-getUsers"},"extension":{},"message":"[worker-us-central1-getUsers-177a4e7c-3a97-44b4-acb4-7683e481c8e1]: BUSY"}}
[debug] [2023-04-26T01:43:21.468Z] [work-queue] {"queuedWork":["/nuqtay-d8fc6/us-central1/getUsers-2023-04-26T01:43:21.468Z"],"queueLength":1,"runningWork":["/nuqtay-d8fc6/us-central1/getUsers-2023-04-26T01:43:21.467Z"],"workRunningCount":1}
[debug] [2023-04-26T01:43:21.468Z] [work-queue] {"queuedWork":[],"queueLength":0,"runningWork":["/nuqtay-d8fc6/us-central1/getUsers-2023-04-26T01:43:21.467Z","/nuqtay-d8fc6/us-central1/getUsers-2023-04-26T01:43:21.468Z"],"workRunningCount":2}
[debug] [2023-04-26T01:43:21.468Z] Accepted request OPTIONS /nuqtay-d8fc6/us-central1/getUsers --> us-central1-getUsers
[debug] [2023-04-26T01:43:21.469Z] [functions] Runtime ready! Sending request! {"metadata":{"emulator":{"name":"functions"},"message":"[functions] Runtime ready! Sending request!"}}
[debug] [2023-04-26T01:43:21.469Z] [functions] Got req.url=/nuqtay-d8fc6/us-central1/getUsers, mapping to path=/ {"metadata":{"emulator":{"name":"functions"},"message":"[functions] Got req.url=/nuqtay-d8fc6/us-central1/getUsers, mapping to path=/"}}
[debug] [2023-04-26T01:43:21.469Z] [worker-pool] submitRequest(triggerId=us-central1-getUsers) {"metadata":{"emulator":{"name":"functions"},"message":"[worker-pool] submitRequest(triggerId=us-central1-getUsers)"}}
[info] i  functions: Beginning execution of "us-central1-getUsers" {"metadata":{"emulator":{"name":"functions"},"function":{"name":"us-central1-getUsers"},"extension":{},"message":"Beginning execution of \"us-central1-getUsers\""}}
[debug] [2023-04-26T01:43:21.469Z] [worker-us-central1-getUsers-331487e4-de21-4b1d-9358-cd89b1b3c496]: BUSY {"metadata":{"emulator":{"name":"functions"},"function":{"name":"us-central1-getUsers"},"extension":{},"message":"[worker-us-central1-getUsers-331487e4-de21-4b1d-9358-cd89b1b3c496]: BUSY"}}
[info] i  functions: Finished "us-central1-getUsers" in 6.068057ms {"metadata":{"emulator":{"name":"functions"},"function":{"name":"us-central1-getUsers"},"extension":{},"message":"Finished \"us-central1-getUsers\" in 6.068057ms"}}
[debug] [2023-04-26T01:43:21.474Z] [worker-us-central1-getUsers-177a4e7c-3a97-44b4-acb4-7683e481c8e1]: IDLE {"metadata":{"emulator":{"name":"functions"},"function":{"name":"us-central1-getUsers"},"extension":{},"message":"[worker-us-central1-getUsers-177a4e7c-3a97-44b4-acb4-7683e481c8e1]: IDLE"}}
[debug] [2023-04-26T01:43:21.474Z] [work-queue] {"queuedWork":[],"queueLength":0,"runningWork":["/nuqtay-d8fc6/us-central1/getUsers-2023-04-26T01:43:21.468Z"],"workRunningCount":1}
[info] i  functions: Finished "us-central1-getUsers" in 5.384471ms {"metadata":{"emulator":{"name":"functions"},"function":{"name":"us-central1-getUsers"},"extension":{},"message":"Finished \"us-central1-getUsers\" in 5.384471ms"}}
[debug] [2023-04-26T01:43:21.475Z] [worker-us-central1-getUsers-331487e4-de21-4b1d-9358-cd89b1b3c496]: IDLE {"metadata":{"emulator":{"name":"functions"},"function":{"name":"us-central1-getUsers"},"extension":{},"message":"[worker-us-central1-getUsers-331487e4-de21-4b1d-9358-cd89b1b3c496]: IDLE"}}
[debug] [2023-04-26T01:43:21.475Z] [work-queue] {"queuedWork":[],"queueLength":0,"runningWork":[],"workRunningCount":0}
[debug] [2023-04-26T01:43:21.482Z] [work-queue] {"queuedWork":["/nuqtay-d8fc6/us-central1/getUsers-2023-04-26T01:43:21.482Z"],"queueLength":1,"runningWork":[],"workRunningCount":0}
[debug] [2023-04-26T01:43:21.482Z] [work-queue] {"queuedWork":[],"queueLength":0,"runningWork":["/nuqtay-d8fc6/us-central1/getUsers-2023-04-26T01:43:21.482Z"],"workRunningCount":1}
[debug] [2023-04-26T01:43:21.482Z] Accepted request POST /nuqtay-d8fc6/us-central1/getUsers --> us-central1-getUsers
[debug] [2023-04-26T01:43:21.482Z] ID Token: eyJhbGciOiJSUzI1NiIsImtpZCI6ImU3OTMwMjdkYWI0YzcwNmQ2ODg0NGI4MDk2ZTBlYzQzMjYyMjIwMDAiLCJ0eXAiOiJKV1QifQ.eyJuYW1lIjoibXVoYW1tYWQgYWRpbCIsInBpY3R1cmUiOiJodHRwczovL2xoMy5nb29nbGV1c2VyY29udGVudC5jb20vYS9BR05teXhabG04MlN6Y0toYTVHeDlPalEydnlmUndwdGN2MWk0SDZsMHVUTD1zOTYtYyIsImFkbWluIjpmYWxzZSwiaXNzIjoiaHR0cHM6Ly9zZWN1cmV0b2tlbi5nb29nbGUuY29tL251cXRheS1kOGZjNiIsImF1ZCI6Im51cXRheS1kOGZjNiIsImF1dGhfdGltZSI6MTY3ODczMzU4NiwidXNlcl9pZCI6InVuMGNiYjM5TFlQWHFidFdZOER0ZXdUUmhRUTIiLCJzdWIiOiJ1bjBjYmIzOUxZUFhxYnRXWThEdGV3VFJoUVEyIiwiaWF0IjoxNjgyNDcyMTQ3LCJleHAiOjE2ODI0NzU3NDcsImVtYWlsIjoiY29udGFjdG9udHdpdHRlckBnbWFpbC5jb20iLCJlbWFpbF92ZXJpZmllZCI6dHJ1ZSwiZmlyZWJhc2UiOnsiaWRlbnRpdGllcyI6eyJnb29nbGUuY29tIjpbIjExNTU2NTEwNjk1Njc0Nzg2OTUwNyJdLCJlbWFpbCI6WyJjb250YWN0b250d2l0dGVyQGdtYWlsLmNvbSJdfSwic2lnbl9pbl9wcm92aWRlciI6Imdvb2dsZS5jb20ifX0.BUoPF1TR_fAEylPNYH2aZRF_5DvX67r4XTSm_huqyYMwlZzjDHNvaB96fNIeQqTzHK7lM83socF5sTm7vrLzEr-LLreB_F2HOf_bUmgNESBFV9_KHzs6WvC9tt7q8Wbk59CvWDIkmI2HqBxjVf0fh6e8uWVyW6I6Wobxidl4I7SLsKjiWmksA-eGtoHt7GYmZ7KQTTS5HF-DrzjM3ZB-pTkHrNQ-nSAFHTnTWytLnuBtnkA-JsZiGNHGr8YIfZLrJaCBcTFKNKAToVSNqUqngCjx_iX5tsQIPtiQ0WKtWWrdrxYjMNkUsoMjrOkzeYXCBpqhkvDsBG_nqOxeRSDR2Q
[debug] [2023-04-26T01:43:21.482Z] [functions] Runtime ready! Sending request! {"metadata":{"emulator":{"name":"functions"},"message":"[functions] Runtime ready! Sending request!"}}
[debug] [2023-04-26T01:43:21.483Z] [functions] Got req.url=/nuqtay-d8fc6/us-central1/getUsers, mapping to path=/ {"metadata":{"emulator":{"name":"functions"},"message":"[functions] Got req.url=/nuqtay-d8fc6/us-central1/getUsers, mapping to path=/"}}
[debug] [2023-04-26T01:43:21.483Z] [worker-pool] submitRequest(triggerId=us-central1-getUsers) {"metadata":{"emulator":{"name":"functions"},"message":"[worker-pool] submitRequest(triggerId=us-central1-getUsers)"}}
[info] i  functions: Beginning execution of "us-central1-getUsers" {"metadata":{"emulator":{"name":"functions"},"function":{"name":"us-central1-getUsers"},"extension":{},"message":"Beginning execution of \"us-central1-getUsers\""}}
[debug] [2023-04-26T01:43:21.483Z] [worker-us-central1-getUsers-177a4e7c-3a97-44b4-acb4-7683e481c8e1]: BUSY {"metadata":{"emulator":{"name":"functions"},"function":{"name":"us-central1-getUsers"},"extension":{},"message":"[worker-us-central1-getUsers-177a4e7c-3a97-44b4-acb4-7683e481c8e1]: BUSY"}}
[debug] [2023-04-26T01:43:21.484Z] [work-queue] {"queuedWork":["/nuqtay-d8fc6/us-central1/getUsers-2023-04-26T01:43:21.484Z"],"queueLength":1,"runningWork":["/nuqtay-d8fc6/us-central1/getUsers-2023-04-26T01:43:21.482Z"],"workRunningCount":1}
[debug] [2023-04-26T01:43:21.484Z] [work-queue] {"queuedWork":[],"queueLength":0,"runningWork":["/nuqtay-d8fc6/us-central1/getUsers-2023-04-26T01:43:21.482Z","/nuqtay-d8fc6/us-central1/getUsers-2023-04-26T01:43:21.484Z"],"workRunningCount":2}
[debug] [2023-04-26T01:43:21.484Z] Accepted request POST /nuqtay-d8fc6/us-central1/getUsers --> us-central1-getUsers
[debug] [2023-04-26T01:43:21.484Z] ID Token: eyJhbGciOiJSUzI1NiIsImtpZCI6ImU3OTMwMjdkYWI0YzcwNmQ2ODg0NGI4MDk2ZTBlYzQzMjYyMjIwMDAiLCJ0eXAiOiJKV1QifQ.eyJuYW1lIjoibXVoYW1tYWQgYWRpbCIsInBpY3R1cmUiOiJodHRwczovL2xoMy5nb29nbGV1c2VyY29udGVudC5jb20vYS9BR05teXhabG04MlN6Y0toYTVHeDlPalEydnlmUndwdGN2MWk0SDZsMHVUTD1zOTYtYyIsImFkbWluIjpmYWxzZSwiaXNzIjoiaHR0cHM6Ly9zZWN1cmV0b2tlbi5nb29nbGUuY29tL251cXRheS1kOGZjNiIsImF1ZCI6Im51cXRheS1kOGZjNiIsImF1dGhfdGltZSI6MTY3ODczMzU4NiwidXNlcl9pZCI6InVuMGNiYjM5TFlQWHFidFdZOER0ZXdUUmhRUTIiLCJzdWIiOiJ1bjBjYmIzOUxZUFhxYnRXWThEdGV3VFJoUVEyIiwiaWF0IjoxNjgyNDcyMTQ3LCJleHAiOjE2ODI0NzU3NDcsImVtYWlsIjoiY29udGFjdG9udHdpdHRlckBnbWFpbC5jb20iLCJlbWFpbF92ZXJpZmllZCI6dHJ1ZSwiZmlyZWJhc2UiOnsiaWRlbnRpdGllcyI6eyJnb29nbGUuY29tIjpbIjExNTU2NTEwNjk1Njc0Nzg2OTUwNyJdLCJlbWFpbCI6WyJjb250YWN0b250d2l0dGVyQGdtYWlsLmNvbSJdfSwic2lnbl9pbl9wcm92aWRlciI6Imdvb2dsZS5jb20ifX0.BUoPF1TR_fAEylPNYH2aZRF_5DvX67r4XTSm_huqyYMwlZzjDHNvaB96fNIeQqTzHK7lM83socF5sTm7vrLzEr-LLreB_F2HOf_bUmgNESBFV9_KHzs6WvC9tt7q8Wbk59CvWDIkmI2HqBxjVf0fh6e8uWVyW6I6Wobxidl4I7SLsKjiWmksA-eGtoHt7GYmZ7KQTTS5HF-DrzjM3ZB-pTkHrNQ-nSAFHTnTWytLnuBtnkA-JsZiGNHGr8YIfZLrJaCBcTFKNKAToVSNqUqngCjx_iX5tsQIPtiQ0WKtWWrdrxYjMNkUsoMjrOkzeYXCBpqhkvDsBG_nqOxeRSDR2Q
[debug] [2023-04-26T01:43:21.484Z] [functions] Runtime ready! Sending request! {"metadata":{"emulator":{"name":"functions"},"message":"[functions] Runtime ready! Sending request!"}}
[debug] [2023-04-26T01:43:21.485Z] [functions] Got req.url=/nuqtay-d8fc6/us-central1/getUsers, mapping to path=/ {"metadata":{"emulator":{"name":"functions"},"message":"[functions] Got req.url=/nuqtay-d8fc6/us-central1/getUsers, mapping to path=/"}}
[debug] [2023-04-26T01:43:21.485Z] [worker-pool] submitRequest(triggerId=us-central1-getUsers) {"metadata":{"emulator":{"name":"functions"},"message":"[worker-pool] submitRequest(triggerId=us-central1-getUsers)"}}
[info] i  functions: Beginning execution of "us-central1-getUsers" {"metadata":{"emulator":{"name":"functions"},"function":{"name":"us-central1-getUsers"},"extension":{},"message":"Beginning execution of \"us-central1-getUsers\""}}
[debug] [2023-04-26T01:43:21.485Z] [worker-us-central1-getUsers-331487e4-de21-4b1d-9358-cd89b1b3c496]: BUSY {"metadata":{"emulator":{"name":"functions"},"function":{"name":"us-central1-getUsers"},"extension":{},"message":"[worker-us-central1-getUsers-331487e4-de21-4b1d-9358-cd89b1b3c496]: BUSY"}}
[info] >  {"verifications":{"app":"MISSING","auth":"MISSING"},"logging.googleapis.com/labels":{"firebase-log-type":"callable-request-verification"},"severity":"INFO","message":"Callable request verification passed"} {"user":{"verifications":{"app":"MISSING","auth":"MISSING"},"logging.googleapis.com/labels":{"firebase-log-type":"callable-request-verification"},"severity":"INFO","message":"Callable request verification passed"},"metadata":{"emulator":{"name":"functions"},"function":{"name":"us-central1-getUsers"},"extension":{},"message":"\u001b[90m> \u001b[39m {\"verifications\":{\"app\":\"MISSING\",\"auth\":\"MISSING\"},\"logging.googleapis.com/labels\":{\"firebase-log-type\":\"callable-request-verification\"},\"severity\":\"INFO\",\"message\":\"Callable request verification passed\"}"}}
[debug] [2023-04-26T01:43:21.490Z] [runtime-status] [12822] Callable functions auth override {"key":"x-callable-context-auth","value":"%7B%22uid%22%3A%22un0cbb39LYPXqbtWY8DtewTRhQQ2%22%2C%22token%22%3A%7B%22name%22%3A%22muhammad%20adil%22%2C%22picture%22%3A%22https%3A%2F%2Flh3.googleusercontent.com%2Fa%2FAGNmyxZlm82SzcKha5Gx9OjQ2vyfRwptcv1i4H6l0uTL%3Ds96-c%22%2C%22admin%22%3Afalse%2C%22iss%22%3A%22https%3A%2F%2Fsecuretoken.google.com%2Fnuqtay-d8fc6%22%2C%22aud%22%3A%22nuqtay-d8fc6%22%2C%22auth_time%22%3A1678733586%2C%22user_id%22%3A%22un0cbb39LYPXqbtWY8DtewTRhQQ2%22%2C%22sub%22%3A%22un0cbb39LYPXqbtWY8DtewTRhQQ2%22%2C%22iat%22%3A1682472147%2C%22exp%22%3A1682475747%2C%22email%22%3A%22contactontwitter%40gmail.com%22%2C%22email_verified%22%3Atrue%2C%22firebase%22%3A%7B%22identities%22%3A%7B%22google.com%22%3A%5B%22115565106956747869507%22%5D%2C%22email%22%3A%5B%22contactontwitter%40gmail.com%22%5D%7D%2C%22sign_in_provider%22%3A%22google.com%22%7D%2C%22uid%22%3A%22un0cbb39LYPXqbtWY8DtewTRhQQ2%22%7D%7D"} {"metadata":{"emulator":{"name":"functions"},"function":{"name":"us-central1-getUsers"},"extension":{},"message":"[runtime-status] [12822] Callable functions auth override {\"key\":\"x-callable-context-auth\",\"value\":\"%7B%22uid%22%3A%22un0cbb39LYPXqbtWY8DtewTRhQQ2%22%2C%22token%22%3A%7B%22name%22%3A%22muhammad%20adil%22%2C%22picture%22%3A%22https%3A%2F%2Flh3.googleusercontent.com%2Fa%2FAGNmyxZlm82SzcKha5Gx9OjQ2vyfRwptcv1i4H6l0uTL%3Ds96-c%22%2C%22admin%22%3Afalse%2C%22iss%22%3A%22https%3A%2F%2Fsecuretoken.google.com%2Fnuqtay-d8fc6%22%2C%22aud%22%3A%22nuqtay-d8fc6%22%2C%22auth_time%22%3A1678733586%2C%22user_id%22%3A%22un0cbb39LYPXqbtWY8DtewTRhQQ2%22%2C%22sub%22%3A%22un0cbb39LYPXqbtWY8DtewTRhQQ2%22%2C%22iat%22%3A1682472147%2C%22exp%22%3A1682475747%2C%22email%22%3A%22contactontwitter%40gmail.com%22%2C%22email_verified%22%3Atrue%2C%22firebase%22%3A%7B%22identities%22%3A%7B%22google.com%22%3A%5B%22115565106956747869507%22%5D%2C%22email%22%3A%5B%22contactontwitter%40gmail.com%22%5D%7D%2C%22sign_in_provider%22%3A%22google.com%22%7D%2C%22uid%22%3A%22un0cbb39LYPXqbtWY8DtewTRhQQ2%22%7D%7D\"}"}}
[info] i  functions: Finished "us-central1-getUsers" in 7.561484ms {"metadata":{"emulator":{"name":"functions"},"function":{"name":"us-central1-getUsers"},"extension":{},"message":"Finished \"us-central1-getUsers\" in 7.561484ms"}}
[debug] [2023-04-26T01:43:21.491Z] [worker-us-central1-getUsers-177a4e7c-3a97-44b4-acb4-7683e481c8e1]: IDLE {"metadata":{"emulator":{"name":"functions"},"function":{"name":"us-central1-getUsers"},"extension":{},"message":"[worker-us-central1-getUsers-177a4e7c-3a97-44b4-acb4-7683e481c8e1]: IDLE"}}
[debug] [2023-04-26T01:43:21.491Z] [work-queue] {"queuedWork":[],"queueLength":0,"runningWork":["/nuqtay-d8fc6/us-central1/getUsers-2023-04-26T01:43:21.484Z"],"workRunningCount":1}
[info] >  {"verifications":{"app":"MISSING","auth":"MISSING"},"logging.googleapis.com/labels":{"firebase-log-type":"callable-request-verification"},"severity":"INFO","message":"Callable request verification passed"} {"user":{"verifications":{"app":"MISSING","auth":"MISSING"},"logging.googleapis.com/labels":{"firebase-log-type":"callable-request-verification"},"severity":"INFO","message":"Callable request verification passed"},"metadata":{"emulator":{"name":"functions"},"function":{"name":"us-central1-getUsers"},"extension":{},"message":"\u001b[90m> \u001b[39m {\"verifications\":{\"app\":\"MISSING\",\"auth\":\"MISSING\"},\"logging.googleapis.com/labels\":{\"firebase-log-type\":\"callable-request-verification\"},\"severity\":\"INFO\",\"message\":\"Callable request verification passed\"}"}}
[debug] [2023-04-26T01:43:21.491Z] [runtime-status] [12823] Callable functions auth override {"key":"x-callable-context-auth","value":"%7B%22uid%22%3A%22un0cbb39LYPXqbtWY8DtewTRhQQ2%22%2C%22token%22%3A%7B%22name%22%3A%22muhammad%20adil%22%2C%22picture%22%3A%22https%3A%2F%2Flh3.googleusercontent.com%2Fa%2FAGNmyxZlm82SzcKha5Gx9OjQ2vyfRwptcv1i4H6l0uTL%3Ds96-c%22%2C%22admin%22%3Afalse%2C%22iss%22%3A%22https%3A%2F%2Fsecuretoken.google.com%2Fnuqtay-d8fc6%22%2C%22aud%22%3A%22nuqtay-d8fc6%22%2C%22auth_time%22%3A1678733586%2C%22user_id%22%3A%22un0cbb39LYPXqbtWY8DtewTRhQQ2%22%2C%22sub%22%3A%22un0cbb39LYPXqbtWY8DtewTRhQQ2%22%2C%22iat%22%3A1682472147%2C%22exp%22%3A1682475747%2C%22email%22%3A%22contactontwitter%40gmail.com%22%2C%22email_verified%22%3Atrue%2C%22firebase%22%3A%7B%22identities%22%3A%7B%22google.com%22%3A%5B%22115565106956747869507%22%5D%2C%22email%22%3A%5B%22contactontwitter%40gmail.com%22%5D%7D%2C%22sign_in_provider%22%3A%22google.com%22%7D%2C%22uid%22%3A%22un0cbb39LYPXqbtWY8DtewTRhQQ2%22%7D%7D"} {"metadata":{"emulator":{"name":"functions"},"function":{"name":"us-central1-getUsers"},"extension":{},"message":"[runtime-status] [12823] Callable functions auth override {\"key\":\"x-callable-context-auth\",\"value\":\"%7B%22uid%22%3A%22un0cbb39LYPXqbtWY8DtewTRhQQ2%22%2C%22token%22%3A%7B%22name%22%3A%22muhammad%20adil%22%2C%22picture%22%3A%22https%3A%2F%2Flh3.googleusercontent.com%2Fa%2FAGNmyxZlm82SzcKha5Gx9OjQ2vyfRwptcv1i4H6l0uTL%3Ds96-c%22%2C%22admin%22%3Afalse%2C%22iss%22%3A%22https%3A%2F%2Fsecuretoken.google.com%2Fnuqtay-d8fc6%22%2C%22aud%22%3A%22nuqtay-d8fc6%22%2C%22auth_time%22%3A1678733586%2C%22user_id%22%3A%22un0cbb39LYPXqbtWY8DtewTRhQQ2%22%2C%22sub%22%3A%22un0cbb39LYPXqbtWY8DtewTRhQQ2%22%2C%22iat%22%3A1682472147%2C%22exp%22%3A1682475747%2C%22email%22%3A%22contactontwitter%40gmail.com%22%2C%22email_verified%22%3Atrue%2C%22firebase%22%3A%7B%22identities%22%3A%7B%22google.com%22%3A%5B%22115565106956747869507%22%5D%2C%22email%22%3A%5B%22contactontwitter%40gmail.com%22%5D%7D%2C%22sign_in_provider%22%3A%22google.com%22%7D%2C%22uid%22%3A%22un0cbb39LYPXqbtWY8DtewTRhQQ2%22%7D%7D\"}"}}
[info] i  functions: Finished "us-central1-getUsers" in 7.031779ms {"metadata":{"emulator":{"name":"functions"},"function":{"name":"us-central1-getUsers"},"extension":{},"message":"Finished \"us-central1-getUsers\" in 7.031779ms"}}
[debug] [2023-04-26T01:43:21.492Z] [worker-us-central1-getUsers-331487e4-de21-4b1d-9358-cd89b1b3c496]: IDLE {"metadata":{"emulator":{"name":"functions"},"function":{"name":"us-central1-getUsers"},"extension":{},"message":"[worker-us-central1-getUsers-331487e4-de21-4b1d-9358-cd89b1b3c496]: IDLE"}}
[debug] [2023-04-26T01:43:21.492Z] [work-queue] {"queuedWork":[],"queueLength":0,"runningWork":[],"workRunningCount":0}
[debug] [2023-04-26T01:44:03.990Z] [work-queue] {"queuedWork":["/nuqtay-d8fc6/us-central1/getUsers-2023-04-26T01:44:03.990Z"],"queueLength":1,"runningWork":[],"workRunningCount":0}
[debug] [2023-04-26T01:44:03.990Z] [work-queue] {"queuedWork":[],"queueLength":0,"runningWork":["/nuqtay-d8fc6/us-central1/getUsers-2023-04-26T01:44:03.990Z"],"workRunningCount":1}
[debug] [2023-04-26T01:44:03.991Z] Accepted request OPTIONS /nuqtay-d8fc6/us-central1/getUsers --> us-central1-getUsers
[debug] [2023-04-26T01:44:03.991Z] [functions] Runtime ready! Sending request! {"metadata":{"emulator":{"name":"functions"},"message":"[functions] Runtime ready! Sending request!"}}
[debug] [2023-04-26T01:44:03.992Z] [functions] Got req.url=/nuqtay-d8fc6/us-central1/getUsers, mapping to path=/ {"metadata":{"emulator":{"name":"functions"},"message":"[functions] Got req.url=/nuqtay-d8fc6/us-central1/getUsers, mapping to path=/"}}
[debug] [2023-04-26T01:44:03.992Z] [worker-pool] submitRequest(triggerId=us-central1-getUsers) {"metadata":{"emulator":{"name":"functions"},"message":"[worker-pool] submitRequest(triggerId=us-central1-getUsers)"}}
[info] i  functions: Beginning execution of "us-central1-getUsers" {"metadata":{"emulator":{"name":"functions"},"function":{"name":"us-central1-getUsers"},"extension":{},"message":"Beginning execution of \"us-central1-getUsers\""}}
[debug] [2023-04-26T01:44:03.992Z] [worker-us-central1-getUsers-177a4e7c-3a97-44b4-acb4-7683e481c8e1]: BUSY {"metadata":{"emulator":{"name":"functions"},"function":{"name":"us-central1-getUsers"},"extension":{},"message":"[worker-us-central1-getUsers-177a4e7c-3a97-44b4-acb4-7683e481c8e1]: BUSY"}}
[debug] [2023-04-26T01:44:03.993Z] [work-queue] {"queuedWork":["/nuqtay-d8fc6/us-central1/getUsers-2023-04-26T01:44:03.993Z"],"queueLength":1,"runningWork":["/nuqtay-d8fc6/us-central1/getUsers-2023-04-26T01:44:03.990Z"],"workRunningCount":1}
[debug] [2023-04-26T01:44:03.993Z] [work-queue] {"queuedWork":[],"queueLength":0,"runningWork":["/nuqtay-d8fc6/us-central1/getUsers-2023-04-26T01:44:03.990Z","/nuqtay-d8fc6/us-central1/getUsers-2023-04-26T01:44:03.993Z"],"workRunningCount":2}
[debug] [2023-04-26T01:44:03.993Z] Accepted request OPTIONS /nuqtay-d8fc6/us-central1/getUsers --> us-central1-getUsers
[debug] [2023-04-26T01:44:03.994Z] [functions] Runtime ready! Sending request! {"metadata":{"emulator":{"name":"functions"},"message":"[functions] Runtime ready! Sending request!"}}
[debug] [2023-04-26T01:44:03.994Z] [functions] Got req.url=/nuqtay-d8fc6/us-central1/getUsers, mapping to path=/ {"metadata":{"emulator":{"name":"functions"},"message":"[functions] Got req.url=/nuqtay-d8fc6/us-central1/getUsers, mapping to path=/"}}
[debug] [2023-04-26T01:44:03.994Z] [worker-pool] submitRequest(triggerId=us-central1-getUsers) {"metadata":{"emulator":{"name":"functions"},"message":"[worker-pool] submitRequest(triggerId=us-central1-getUsers)"}}
[info] i  functions: Beginning execution of "us-central1-getUsers" {"metadata":{"emulator":{"name":"functions"},"function":{"name":"us-central1-getUsers"},"extension":{},"message":"Beginning execution of \"us-central1-getUsers\""}}
[debug] [2023-04-26T01:44:03.994Z] [worker-us-central1-getUsers-331487e4-de21-4b1d-9358-cd89b1b3c496]: BUSY {"metadata":{"emulator":{"name":"functions"},"function":{"name":"us-central1-getUsers"},"extension":{},"message":"[worker-us-central1-getUsers-331487e4-de21-4b1d-9358-cd89b1b3c496]: BUSY"}}
[info] i  functions: Finished "us-central1-getUsers" in 31.849293ms {"metadata":{"emulator":{"name":"functions"},"function":{"name":"us-central1-getUsers"},"extension":{},"message":"Finished \"us-central1-getUsers\" in 31.849293ms"}}
[debug] [2023-04-26T01:44:04.025Z] [worker-us-central1-getUsers-177a4e7c-3a97-44b4-acb4-7683e481c8e1]: IDLE {"metadata":{"emulator":{"name":"functions"},"function":{"name":"us-central1-getUsers"},"extension":{},"message":"[worker-us-central1-getUsers-177a4e7c-3a97-44b4-acb4-7683e481c8e1]: IDLE"}}
[debug] [2023-04-26T01:44:04.025Z] [work-queue] {"queuedWork":[],"queueLength":0,"runningWork":["/nuqtay-d8fc6/us-central1/getUsers-2023-04-26T01:44:03.993Z"],"workRunningCount":1}
[info] i  functions: Finished "us-central1-getUsers" in 31.051176ms {"metadata":{"emulator":{"name":"functions"},"function":{"name":"us-central1-getUsers"},"extension":{},"message":"Finished \"us-central1-getUsers\" in 31.051176ms"}}
[debug] [2023-04-26T01:44:04.026Z] [worker-us-central1-getUsers-331487e4-de21-4b1d-9358-cd89b1b3c496]: IDLE {"metadata":{"emulator":{"name":"functions"},"function":{"name":"us-central1-getUsers"},"extension":{},"message":"[worker-us-central1-getUsers-331487e4-de21-4b1d-9358-cd89b1b3c496]: IDLE"}}
[debug] [2023-04-26T01:44:04.026Z] [work-queue] {"queuedWork":[],"queueLength":0,"runningWork":[],"workRunningCount":0}
[debug] [2023-04-26T01:44:04.029Z] [work-queue] {"queuedWork":["/nuqtay-d8fc6/us-central1/getUsers-2023-04-26T01:44:04.029Z"],"queueLength":1,"runningWork":[],"workRunningCount":0}
[debug] [2023-04-26T01:44:04.029Z] [work-queue] {"queuedWork":[],"queueLength":0,"runningWork":["/nuqtay-d8fc6/us-central1/getUsers-2023-04-26T01:44:04.029Z"],"workRunningCount":1}
[debug] [2023-04-26T01:44:04.029Z] Accepted request POST /nuqtay-d8fc6/us-central1/getUsers --> us-central1-getUsers
[debug] [2023-04-26T01:44:04.029Z] ID Token: eyJhbGciOiJSUzI1NiIsImtpZCI6ImU3OTMwMjdkYWI0YzcwNmQ2ODg0NGI4MDk2ZTBlYzQzMjYyMjIwMDAiLCJ0eXAiOiJKV1QifQ.eyJuYW1lIjoibXVoYW1tYWQgYWRpbCIsInBpY3R1cmUiOiJodHRwczovL2xoMy5nb29nbGV1c2VyY29udGVudC5jb20vYS9BRWRGVHA1aG16MF9URVlSaTA3dzhmcGxodlNVZy15amQzN2s3d1BJbHplZ1NBPXM5Ni1jIiwiYWRtaW4iOnRydWUsImlzcyI6Imh0dHBzOi8vc2VjdXJldG9rZW4uZ29vZ2xlLmNvbS9udXF0YXktZDhmYzYiLCJhdWQiOiJudXF0YXktZDhmYzYiLCJhdXRoX3RpbWUiOjE2ODI0NzM0NDUsInVzZXJfaWQiOiJmNWxkZmF3MVpFU1JiVWhWaEJCVDFkVmM0aXkxIiwic3ViIjoiZjVsZGZhdzFaRVNSYlVoVmhCQlQxZFZjNGl5MSIsImlhdCI6MTY4MjQ3MzQ0NSwiZXhwIjoxNjgyNDc3MDQ1LCJlbWFpbCI6Im1hZGlsODlAZ21haWwuY29tIiwiZW1haWxfdmVyaWZpZWQiOnRydWUsImZpcmViYXNlIjp7ImlkZW50aXRpZXMiOnsiZ29vZ2xlLmNvbSI6WyIxMDY1Mzk5ODkyNzEzNDk3Mzg3MzEiXSwiZW1haWwiOlsibWFkaWw4OUBnbWFpbC5jb20iXX0sInNpZ25faW5fcHJvdmlkZXIiOiJnb29nbGUuY29tIn19.VpkDQx1XecfmGDZEZtmaFWZtdm2Yt47lT4mrbxZxTJTAggf789vFLYNpwv-_c9uEuqPHGJNubwGa30eQjCowZdD7lrsvj9SXk-QB5Ft50TD-Z__bVIGH61JMxog4vis-RSbZPP35tBA_y8zrZBuIsY3BhWCSBcK4M8L_RMJHjw_hKw0vFijqQJOL1aL15n8pT1_OYE9Pj8hVJxSGfN8_u0jk3LHPAW47_kHo1Z4d1f5Kn5BO8IZvGuBEu5YlQOA47y7L0jibpLAiaK1FxSX0sQ4oPe5ismZPb48Wbj64ffyY1bdfbQBk_RIj-LgN5fKpi2Aip_5CUHHh5aiEKm3r8g
[debug] [2023-04-26T01:44:04.029Z] [functions] Runtime ready! Sending request! {"metadata":{"emulator":{"name":"functions"},"message":"[functions] Runtime ready! Sending request!"}}
[debug] [2023-04-26T01:44:04.030Z] [functions] Got req.url=/nuqtay-d8fc6/us-central1/getUsers, mapping to path=/ {"metadata":{"emulator":{"name":"functions"},"message":"[functions] Got req.url=/nuqtay-d8fc6/us-central1/getUsers, mapping to path=/"}}
[debug] [2023-04-26T01:44:04.030Z] [worker-pool] submitRequest(triggerId=us-central1-getUsers) {"metadata":{"emulator":{"name":"functions"},"message":"[worker-pool] submitRequest(triggerId=us-central1-getUsers)"}}
[info] i  functions: Beginning execution of "us-central1-getUsers" {"metadata":{"emulator":{"name":"functions"},"function":{"name":"us-central1-getUsers"},"extension":{},"message":"Beginning execution of \"us-central1-getUsers\""}}
[debug] [2023-04-26T01:44:04.030Z] [worker-us-central1-getUsers-177a4e7c-3a97-44b4-acb4-7683e481c8e1]: BUSY {"metadata":{"emulator":{"name":"functions"},"function":{"name":"us-central1-getUsers"},"extension":{},"message":"[worker-us-central1-getUsers-177a4e7c-3a97-44b4-acb4-7683e481c8e1]: BUSY"}}
[debug] [2023-04-26T01:44:04.031Z] [work-queue] {"queuedWork":["/nuqtay-d8fc6/us-central1/getUsers-2023-04-26T01:44:04.031Z"],"queueLength":1,"runningWork":["/nuqtay-d8fc6/us-central1/getUsers-2023-04-26T01:44:04.029Z"],"workRunningCount":1}
[debug] [2023-04-26T01:44:04.031Z] [work-queue] {"queuedWork":[],"queueLength":0,"runningWork":["/nuqtay-d8fc6/us-central1/getUsers-2023-04-26T01:44:04.029Z","/nuqtay-d8fc6/us-central1/getUsers-2023-04-26T01:44:04.031Z"],"workRunningCount":2}
[debug] [2023-04-26T01:44:04.031Z] Accepted request POST /nuqtay-d8fc6/us-central1/getUsers --> us-central1-getUsers
[debug] [2023-04-26T01:44:04.031Z] ID Token: eyJhbGciOiJSUzI1NiIsImtpZCI6ImU3OTMwMjdkYWI0YzcwNmQ2ODg0NGI4MDk2ZTBlYzQzMjYyMjIwMDAiLCJ0eXAiOiJKV1QifQ.eyJuYW1lIjoibXVoYW1tYWQgYWRpbCIsInBpY3R1cmUiOiJodHRwczovL2xoMy5nb29nbGV1c2VyY29udGVudC5jb20vYS9BRWRGVHA1aG16MF9URVlSaTA3dzhmcGxodlNVZy15amQzN2s3d1BJbHplZ1NBPXM5Ni1jIiwiYWRtaW4iOnRydWUsImlzcyI6Imh0dHBzOi8vc2VjdXJldG9rZW4uZ29vZ2xlLmNvbS9udXF0YXktZDhmYzYiLCJhdWQiOiJudXF0YXktZDhmYzYiLCJhdXRoX3RpbWUiOjE2ODI0NzM0NDUsInVzZXJfaWQiOiJmNWxkZmF3MVpFU1JiVWhWaEJCVDFkVmM0aXkxIiwic3ViIjoiZjVsZGZhdzFaRVNSYlVoVmhCQlQxZFZjNGl5MSIsImlhdCI6MTY4MjQ3MzQ0NSwiZXhwIjoxNjgyNDc3MDQ1LCJlbWFpbCI6Im1hZGlsODlAZ21haWwuY29tIiwiZW1haWxfdmVyaWZpZWQiOnRydWUsImZpcmViYXNlIjp7ImlkZW50aXRpZXMiOnsiZ29vZ2xlLmNvbSI6WyIxMDY1Mzk5ODkyNzEzNDk3Mzg3MzEiXSwiZW1haWwiOlsibWFkaWw4OUBnbWFpbC5jb20iXX0sInNpZ25faW5fcHJvdmlkZXIiOiJnb29nbGUuY29tIn19.VpkDQx1XecfmGDZEZtmaFWZtdm2Yt47lT4mrbxZxTJTAggf789vFLYNpwv-_c9uEuqPHGJNubwGa30eQjCowZdD7lrsvj9SXk-QB5Ft50TD-Z__bVIGH61JMxog4vis-RSbZPP35tBA_y8zrZBuIsY3BhWCSBcK4M8L_RMJHjw_hKw0vFijqQJOL1aL15n8pT1_OYE9Pj8hVJxSGfN8_u0jk3LHPAW47_kHo1Z4d1f5Kn5BO8IZvGuBEu5YlQOA47y7L0jibpLAiaK1FxSX0sQ4oPe5ismZPb48Wbj64ffyY1bdfbQBk_RIj-LgN5fKpi2Aip_5CUHHh5aiEKm3r8g
[debug] [2023-04-26T01:44:04.032Z] [functions] Runtime ready! Sending request! {"metadata":{"emulator":{"name":"functions"},"message":"[functions] Runtime ready! Sending request!"}}
[debug] [2023-04-26T01:44:04.032Z] [functions] Got req.url=/nuqtay-d8fc6/us-central1/getUsers, mapping to path=/ {"metadata":{"emulator":{"name":"functions"},"message":"[functions] Got req.url=/nuqtay-d8fc6/us-central1/getUsers, mapping to path=/"}}
[debug] [2023-04-26T01:44:04.032Z] [worker-pool] submitRequest(triggerId=us-central1-getUsers) {"metadata":{"emulator":{"name":"functions"},"message":"[worker-pool] submitRequest(triggerId=us-central1-getUsers)"}}
[info] i  functions: Beginning execution of "us-central1-getUsers" {"metadata":{"emulator":{"name":"functions"},"function":{"name":"us-central1-getUsers"},"extension":{},"message":"Beginning execution of \"us-central1-getUsers\""}}
[debug] [2023-04-26T01:44:04.032Z] [worker-us-central1-getUsers-331487e4-de21-4b1d-9358-cd89b1b3c496]: BUSY {"metadata":{"emulator":{"name":"functions"},"function":{"name":"us-central1-getUsers"},"extension":{},"message":"[worker-us-central1-getUsers-331487e4-de21-4b1d-9358-cd89b1b3c496]: BUSY"}}
[info] >  {"verifications":{"app":"MISSING","auth":"MISSING"},"logging.googleapis.com/labels":{"firebase-log-type":"callable-request-verification"},"severity":"INFO","message":"Callable request verification passed"} {"user":{"verifications":{"app":"MISSING","auth":"MISSING"},"logging.googleapis.com/labels":{"firebase-log-type":"callable-request-verification"},"severity":"INFO","message":"Callable request verification passed"},"metadata":{"emulator":{"name":"functions"},"function":{"name":"us-central1-getUsers"},"extension":{},"message":"\u001b[90m> \u001b[39m {\"verifications\":{\"app\":\"MISSING\",\"auth\":\"MISSING\"},\"logging.googleapis.com/labels\":{\"firebase-log-type\":\"callable-request-verification\"},\"severity\":\"INFO\",\"message\":\"Callable request verification passed\"}"}}
[debug] [2023-04-26T01:44:04.038Z] [runtime-status] [12822] Callable functions auth override {"key":"x-callable-context-auth","value":"%7B%22uid%22%3A%22f5ldfaw1ZESRbUhVhBBT1dVc4iy1%22%2C%22token%22%3A%7B%22name%22%3A%22muhammad%20adil%22%2C%22picture%22%3A%22https%3A%2F%2Flh3.googleusercontent.com%2Fa%2FAEdFTp5hmz0_TEYRi07w8fplhvSUg-yjd37k7wPIlzegSA%3Ds96-c%22%2C%22admin%22%3Atrue%2C%22iss%22%3A%22https%3A%2F%2Fsecuretoken.google.com%2Fnuqtay-d8fc6%22%2C%22aud%22%3A%22nuqtay-d8fc6%22%2C%22auth_time%22%3A1682473445%2C%22user_id%22%3A%22f5ldfaw1ZESRbUhVhBBT1dVc4iy1%22%2C%22sub%22%3A%22f5ldfaw1ZESRbUhVhBBT1dVc4iy1%22%2C%22iat%22%3A1682473445%2C%22exp%22%3A1682477045%2C%22email%22%3A%22madil89%40gmail.com%22%2C%22email_verified%22%3Atrue%2C%22firebase%22%3A%7B%22identities%22%3A%7B%22google.com%22%3A%5B%22106539989271349738731%22%5D%2C%22email%22%3A%5B%22madil89%40gmail.com%22%5D%7D%2C%22sign_in_provider%22%3A%22google.com%22%7D%2C%22uid%22%3A%22f5ldfaw1ZESRbUhVhBBT1dVc4iy1%22%7D%7D"} {"metadata":{"emulator":{"name":"functions"},"function":{"name":"us-central1-getUsers"},"extension":{},"message":"[runtime-status] [12822] Callable functions auth override {\"key\":\"x-callable-context-auth\",\"value\":\"%7B%22uid%22%3A%22f5ldfaw1ZESRbUhVhBBT1dVc4iy1%22%2C%22token%22%3A%7B%22name%22%3A%22muhammad%20adil%22%2C%22picture%22%3A%22https%3A%2F%2Flh3.googleusercontent.com%2Fa%2FAEdFTp5hmz0_TEYRi07w8fplhvSUg-yjd37k7wPIlzegSA%3Ds96-c%22%2C%22admin%22%3Atrue%2C%22iss%22%3A%22https%3A%2F%2Fsecuretoken.google.com%2Fnuqtay-d8fc6%22%2C%22aud%22%3A%22nuqtay-d8fc6%22%2C%22auth_time%22%3A1682473445%2C%22user_id%22%3A%22f5ldfaw1ZESRbUhVhBBT1dVc4iy1%22%2C%22sub%22%3A%22f5ldfaw1ZESRbUhVhBBT1dVc4iy1%22%2C%22iat%22%3A1682473445%2C%22exp%22%3A1682477045%2C%22email%22%3A%22madil89%40gmail.com%22%2C%22email_verified%22%3Atrue%2C%22firebase%22%3A%7B%22identities%22%3A%7B%22google.com%22%3A%5B%22106539989271349738731%22%5D%2C%22email%22%3A%5B%22madil89%40gmail.com%22%5D%7D%2C%22sign_in_provider%22%3A%22google.com%22%7D%2C%22uid%22%3A%22f5ldfaw1ZESRbUhVhBBT1dVc4iy1%22%7D%7D\"}"}}
[warn] ⚠  functions: The Firebase Authentication emulator is not running, so calls to Firebase Authentication will affect production. {"metadata":{"emulator":{"name":"functions"},"function":{"name":"us-central1-getUsers"},"extension":{},"message":"The Firebase Authentication emulator is not running, so calls to Firebase Authentication will affect production."}}
[info] >  {"verifications":{"app":"MISSING","auth":"MISSING"},"logging.googleapis.com/labels":{"firebase-log-type":"callable-request-verification"},"severity":"INFO","message":"Callable request verification passed"} {"user":{"verifications":{"app":"MISSING","auth":"MISSING"},"logging.googleapis.com/labels":{"firebase-log-type":"callable-request-verification"},"severity":"INFO","message":"Callable request verification passed"},"metadata":{"emulator":{"name":"functions"},"function":{"name":"us-central1-getUsers"},"extension":{},"message":"\u001b[90m> \u001b[39m {\"verifications\":{\"app\":\"MISSING\",\"auth\":\"MISSING\"},\"logging.googleapis.com/labels\":{\"firebase-log-type\":\"callable-request-verification\"},\"severity\":\"INFO\",\"message\":\"Callable request verification passed\"}"}}
[debug] [2023-04-26T01:44:04.038Z] [runtime-status] [12823] Callable functions auth override {"key":"x-callable-context-auth","value":"%7B%22uid%22%3A%22f5ldfaw1ZESRbUhVhBBT1dVc4iy1%22%2C%22token%22%3A%7B%22name%22%3A%22muhammad%20adil%22%2C%22picture%22%3A%22https%3A%2F%2Flh3.googleusercontent.com%2Fa%2FAEdFTp5hmz0_TEYRi07w8fplhvSUg-yjd37k7wPIlzegSA%3Ds96-c%22%2C%22admin%22%3Atrue%2C%22iss%22%3A%22https%3A%2F%2Fsecuretoken.google.com%2Fnuqtay-d8fc6%22%2C%22aud%22%3A%22nuqtay-d8fc6%22%2C%22auth_time%22%3A1682473445%2C%22user_id%22%3A%22f5ldfaw1ZESRbUhVhBBT1dVc4iy1%22%2C%22sub%22%3A%22f5ldfaw1ZESRbUhVhBBT1dVc4iy1%22%2C%22iat%22%3A1682473445%2C%22exp%22%3A1682477045%2C%22email%22%3A%22madil89%40gmail.com%22%2C%22email_verified%22%3Atrue%2C%22firebase%22%3A%7B%22identities%22%3A%7B%22google.com%22%3A%5B%22106539989271349738731%22%5D%2C%22email%22%3A%5B%22madil89%40gmail.com%22%5D%7D%2C%22sign_in_provider%22%3A%22google.com%22%7D%2C%22uid%22%3A%22f5ldfaw1ZESRbUhVhBBT1dVc4iy1%22%7D%7D"} {"metadata":{"emulator":{"name":"functions"},"function":{"name":"us-central1-getUsers"},"extension":{},"message":"[runtime-status] [12823] Callable functions auth override {\"key\":\"x-callable-context-auth\",\"value\":\"%7B%22uid%22%3A%22f5ldfaw1ZESRbUhVhBBT1dVc4iy1%22%2C%22token%22%3A%7B%22name%22%3A%22muhammad%20adil%22%2C%22picture%22%3A%22https%3A%2F%2Flh3.googleusercontent.com%2Fa%2FAEdFTp5hmz0_TEYRi07w8fplhvSUg-yjd37k7wPIlzegSA%3Ds96-c%22%2C%22admin%22%3Atrue%2C%22iss%22%3A%22https%3A%2F%2Fsecuretoken.google.com%2Fnuqtay-d8fc6%22%2C%22aud%22%3A%22nuqtay-d8fc6%22%2C%22auth_time%22%3A1682473445%2C%22user_id%22%3A%22f5ldfaw1ZESRbUhVhBBT1dVc4iy1%22%2C%22sub%22%3A%22f5ldfaw1ZESRbUhVhBBT1dVc4iy1%22%2C%22iat%22%3A1682473445%2C%22exp%22%3A1682477045%2C%22email%22%3A%22madil89%40gmail.com%22%2C%22email_verified%22%3Atrue%2C%22firebase%22%3A%7B%22identities%22%3A%7B%22google.com%22%3A%5B%22106539989271349738731%22%5D%2C%22email%22%3A%5B%22madil89%40gmail.com%22%5D%7D%2C%22sign_in_provider%22%3A%22google.com%22%7D%2C%22uid%22%3A%22f5ldfaw1ZESRbUhVhBBT1dVc4iy1%22%7D%7D\"}"}}
[info] i  functions: Finished "us-central1-getUsers" in 1216.186142ms {"metadata":{"emulator":{"name":"functions"},"function":{"name":"us-central1-getUsers"},"extension":{},"message":"Finished \"us-central1-getUsers\" in 1216.186142ms"}}
[debug] [2023-04-26T01:44:05.248Z] [worker-us-central1-getUsers-331487e4-de21-4b1d-9358-cd89b1b3c496]: IDLE {"metadata":{"emulator":{"name":"functions"},"function":{"name":"us-central1-getUsers"},"extension":{},"message":"[worker-us-central1-getUsers-331487e4-de21-4b1d-9358-cd89b1b3c496]: IDLE"}}
[debug] [2023-04-26T01:44:05.249Z] [work-queue] {"queuedWork":[],"queueLength":0,"runningWork":["/nuqtay-d8fc6/us-central1/getUsers-2023-04-26T01:44:04.029Z"],"workRunningCount":1}
[info] i  functions: Finished "us-central1-getUsers" in 1531.159983ms {"metadata":{"emulator":{"name":"functions"},"function":{"name":"us-central1-getUsers"},"extension":{},"message":"Finished \"us-central1-getUsers\" in 1531.159983ms"}}
[debug] [2023-04-26T01:44:05.562Z] [worker-us-central1-getUsers-177a4e7c-3a97-44b4-acb4-7683e481c8e1]: IDLE {"metadata":{"emulator":{"name":"functions"},"function":{"name":"us-central1-getUsers"},"extension":{},"message":"[worker-us-central1-getUsers-177a4e7c-3a97-44b4-acb4-7683e481c8e1]: IDLE"}}
[debug] [2023-04-26T01:44:05.562Z] [work-queue] {"queuedWork":[],"queueLength":0,"runningWork":[],"workRunningCount":0}
